{"numFailedTestSuites":6,"numFailedTests":32,"numPassedTestSuites":25,"numPassedTests":163,"numPendingTestSuites":0,"numPendingTests":0,"numRuntimeErrorTestSuites":0,"numTodoTests":0,"numTotalTestSuites":31,"numTotalTests":195,"openHandles":[],"snapshot":{"added":0,"didUpdate":false,"failure":false,"filesAdded":0,"filesRemoved":0,"filesRemovedList":[],"filesUnmatched":0,"filesUpdated":0,"matched":0,"total":0,"unchecked":0,"uncheckedKeysByFile":[],"unmatched":0,"updated":0},"startTime":1756527195664,"success":false,"testResults":[{"assertionResults":[{"ancestorTitles":["LoggerModule"],"duration":18,"failing":false,"failureDetails":[],"failureMessages":[],"fullName":"LoggerModule should be defined","invocations":1,"location":null,"numPassingAsserts":1,"retryReasons":[],"startAt":1756527200117,"status":"passed","title":"should be defined"},{"ancestorTitles":["LoggerModule"],"duration":3,"failing":false,"failureDetails":[],"failureMessages":[],"fullName":"LoggerModule should provide CustomLogger","invocations":1,"location":null,"numPassingAsserts":2,"retryReasons":[],"startAt":1756527200135,"status":"passed","title":"should provide CustomLogger"},{"ancestorTitles":["LoggerModule"],"duration":4,"failing":false,"failureDetails":[{}],"failureMessages":["Error: Nest could not find LoggingInterceptor element (this provider does not exist in the current context)\n    at InstanceLinksHost.get (/Users/evandrogromann/Projetos/aprove-me/apps/api/node_modules/@nestjs/core/injector/instance-links-host.js:15:19)\n    at TestingModule.find (/Users/evandrogromann/Projetos/aprove-me/apps/api/node_modules/@nestjs/core/injector/abstract-instance-resolver.js:8:60)\n    at TestingModule.get (/Users/evandrogromann/Projetos/aprove-me/apps/api/node_modules/@nestjs/core/nest-application-context.js:77:20)\n    at Object.<anonymous> (/Users/evandrogromann/Projetos/aprove-me/apps/api/test/unit/shared/logger/logger.module.spec.ts:45:32)\n    at Promise.finally.completed (/Users/evandrogromann/Projetos/aprove-me/apps/api/node_modules/jest-circus/build/jestAdapterInit.js:1556:28)\n    at new Promise (<anonymous>)\n    at callAsyncCircusFn (/Users/evandrogromann/Projetos/aprove-me/apps/api/node_modules/jest-circus/build/jestAdapterInit.js:1496:10)\n    at _callCircusTest (/Users/evandrogromann/Projetos/aprove-me/apps/api/node_modules/jest-circus/build/jestAdapterInit.js:1006:40)\n    at processTicksAndRejections (node:internal/process/task_queues:95:5)\n    at _runTest (/Users/evandrogromann/Projetos/aprove-me/apps/api/node_modules/jest-circus/build/jestAdapterInit.js:946:3)\n    at _runTestsForDescribeBlock (/Users/evandrogromann/Projetos/aprove-me/apps/api/node_modules/jest-circus/build/jestAdapterInit.js:839:13)\n    at _runTestsForDescribeBlock (/Users/evandrogromann/Projetos/aprove-me/apps/api/node_modules/jest-circus/build/jestAdapterInit.js:829:11)\n    at run (/Users/evandrogromann/Projetos/aprove-me/apps/api/node_modules/jest-circus/build/jestAdapterInit.js:757:3)\n    at runAndTransformResultsToJestFormat (/Users/evandrogromann/Projetos/aprove-me/apps/api/node_modules/jest-circus/build/jestAdapterInit.js:1917:21)\n    at jestAdapter (/Users/evandrogromann/Projetos/aprove-me/apps/api/node_modules/jest-circus/build/runner.js:101:19)\n    at runTestInternal (/Users/evandrogromann/Projetos/aprove-me/apps/api/node_modules/jest-runner/build/testWorker.js:275:16)\n    at runTest (/Users/evandrogromann/Projetos/aprove-me/apps/api/node_modules/jest-runner/build/testWorker.js:343:7)\n    at Object.worker (/Users/evandrogromann/Projetos/aprove-me/apps/api/node_modules/jest-runner/build/testWorker.js:497:12)"],"fullName":"LoggerModule should provide LoggingInterceptor","invocations":1,"location":null,"numPassingAsserts":0,"retryReasons":[],"startAt":1756527200138,"status":"failed","title":"should provide LoggingInterceptor"},{"ancestorTitles":["LoggerModule"],"duration":32,"failing":false,"failureDetails":[],"failureMessages":[],"fullName":"LoggerModule should export WinstonModule","invocations":1,"location":null,"numPassingAsserts":1,"retryReasons":[],"startAt":1756527200145,"status":"passed","title":"should export WinstonModule"}],"endTime":1756527200191,"message":"\u001b[1m\u001b[31m  \u001b[1m● \u001b[22m\u001b[1mLoggerModule › should provide LoggingInterceptor\u001b[39m\u001b[22m\n\n    Nest could not find LoggingInterceptor element (this provider does not exist in the current context)\n\u001b[2m\u001b[22m\n\u001b[2m    \u001b[0m \u001b[90m 43 |\u001b[39m\u001b[22m\n\u001b[2m     \u001b[90m 44 |\u001b[39m   it(\u001b[32m'should provide LoggingInterceptor'\u001b[39m\u001b[33m,\u001b[39m () \u001b[33m=>\u001b[39m {\u001b[22m\n\u001b[2m    \u001b[31m\u001b[1m>\u001b[22m\u001b[2m\u001b[39m\u001b[90m 45 |\u001b[39m     \u001b[36mconst\u001b[39m interceptor \u001b[33m=\u001b[39m module\u001b[33m.\u001b[39m\u001b[36mget\u001b[39m\u001b[33m<\u001b[39m\u001b[33mLoggingInterceptor\u001b[39m\u001b[33m>\u001b[39m(\u001b[33mLoggingInterceptor\u001b[39m)\u001b[33m;\u001b[39m\u001b[22m\n\u001b[2m     \u001b[90m    |\u001b[39m                                \u001b[31m\u001b[1m^\u001b[22m\u001b[2m\u001b[39m\u001b[22m\n\u001b[2m     \u001b[90m 46 |\u001b[39m     expect(interceptor)\u001b[33m.\u001b[39mtoBeDefined()\u001b[33m;\u001b[39m\u001b[22m\n\u001b[2m     \u001b[90m 47 |\u001b[39m     expect(interceptor)\u001b[33m.\u001b[39mtoBeInstanceOf(\u001b[33mLoggingInterceptor\u001b[39m)\u001b[33m;\u001b[39m\u001b[22m\n\u001b[2m     \u001b[90m 48 |\u001b[39m   })\u001b[33m;\u001b[39m\u001b[0m\u001b[22m\n\u001b[2m\u001b[22m\n\u001b[2m      \u001b[2mat InstanceLinksHost.get (\u001b[22m\u001b[2mnode_modules/@nestjs/core/injector/instance-links-host.js\u001b[2m:15:19)\u001b[22m\u001b[2m\u001b[22m\n\u001b[2m      \u001b[2mat TestingModule.find (\u001b[22m\u001b[2mnode_modules/@nestjs/core/injector/abstract-instance-resolver.js\u001b[2m:8:60)\u001b[22m\u001b[2m\u001b[22m\n\u001b[2m      \u001b[2mat TestingModule.get (\u001b[22m\u001b[2mnode_modules/@nestjs/core/nest-application-context.js\u001b[2m:77:20)\u001b[22m\u001b[2m\u001b[22m\n\u001b[2m      \u001b[2mat Object.<anonymous> (\u001b[22m\u001b[2m\u001b[0m\u001b[36mtest/unit/shared/logger/logger.module.spec.ts\u001b[39m\u001b[0m\u001b[2m:45:32)\u001b[22m\u001b[2m\u001b[22m\n","name":"/Users/evandrogromann/Projetos/aprove-me/apps/api/test/unit/shared/logger/logger.module.spec.ts","startTime":1756527196063,"status":"failed","summary":""},{"assertionResults":[{"ancestorTitles":["LoggingInterceptor","intercept"],"duration":6,"failing":false,"failureDetails":[{}],"failureMessages":["TypeError: context.getHandler is not a function\n    at LoggingInterceptor.intercept (/Users/evandrogromann/Projetos/aprove-me/apps/api/src/shared/logger/logging.interceptor.ts:23:29)\n    at Object.<anonymous> (/Users/evandrogromann/Projetos/aprove-me/apps/api/test/unit/shared/logger/logging.interceptor.spec.ts:68:19)\n    at Promise.finally.completed (/Users/evandrogromann/Projetos/aprove-me/apps/api/node_modules/jest-circus/build/jestAdapterInit.js:1556:28)\n    at new Promise (<anonymous>)\n    at callAsyncCircusFn (/Users/evandrogromann/Projetos/aprove-me/apps/api/node_modules/jest-circus/build/jestAdapterInit.js:1496:10)\n    at _callCircusTest (/Users/evandrogromann/Projetos/aprove-me/apps/api/node_modules/jest-circus/build/jestAdapterInit.js:1006:40)\n    at processTicksAndRejections (node:internal/process/task_queues:95:5)\n    at _runTest (/Users/evandrogromann/Projetos/aprove-me/apps/api/node_modules/jest-circus/build/jestAdapterInit.js:946:3)\n    at _runTestsForDescribeBlock (/Users/evandrogromann/Projetos/aprove-me/apps/api/node_modules/jest-circus/build/jestAdapterInit.js:839:13)\n    at _runTestsForDescribeBlock (/Users/evandrogromann/Projetos/aprove-me/apps/api/node_modules/jest-circus/build/jestAdapterInit.js:829:11)\n    at _runTestsForDescribeBlock (/Users/evandrogromann/Projetos/aprove-me/apps/api/node_modules/jest-circus/build/jestAdapterInit.js:829:11)\n    at run (/Users/evandrogromann/Projetos/aprove-me/apps/api/node_modules/jest-circus/build/jestAdapterInit.js:757:3)\n    at runAndTransformResultsToJestFormat (/Users/evandrogromann/Projetos/aprove-me/apps/api/node_modules/jest-circus/build/jestAdapterInit.js:1917:21)\n    at jestAdapter (/Users/evandrogromann/Projetos/aprove-me/apps/api/node_modules/jest-circus/build/runner.js:101:19)\n    at runTestInternal (/Users/evandrogromann/Projetos/aprove-me/apps/api/node_modules/jest-runner/build/testWorker.js:275:16)\n    at runTest (/Users/evandrogromann/Projetos/aprove-me/apps/api/node_modules/jest-runner/build/testWorker.js:343:7)\n    at Object.worker (/Users/evandrogromann/Projetos/aprove-me/apps/api/node_modules/jest-runner/build/testWorker.js:497:12)"],"fullName":"LoggingInterceptor intercept should log incoming request","invocations":1,"location":null,"numPassingAsserts":0,"retryReasons":[],"startAt":1756527200200,"status":"failed","title":"should log incoming request"},{"ancestorTitles":["LoggingInterceptor","intercept"],"duration":3,"failing":false,"failureDetails":[{}],"failureMessages":["TypeError: context.getHandler is not a function\n    at LoggingInterceptor.intercept (/Users/evandrogromann/Projetos/aprove-me/apps/api/src/shared/logger/logging.interceptor.ts:23:29)\n    at Object.<anonymous> (/Users/evandrogromann/Projetos/aprove-me/apps/api/test/unit/shared/logger/logging.interceptor.spec.ts:89:19)\n    at Promise.finally.completed (/Users/evandrogromann/Projetos/aprove-me/apps/api/node_modules/jest-circus/build/jestAdapterInit.js:1556:28)\n    at new Promise (<anonymous>)\n    at callAsyncCircusFn (/Users/evandrogromann/Projetos/aprove-me/apps/api/node_modules/jest-circus/build/jestAdapterInit.js:1496:10)\n    at _callCircusTest (/Users/evandrogromann/Projetos/aprove-me/apps/api/node_modules/jest-circus/build/jestAdapterInit.js:1006:40)\n    at processTicksAndRejections (node:internal/process/task_queues:95:5)\n    at _runTest (/Users/evandrogromann/Projetos/aprove-me/apps/api/node_modules/jest-circus/build/jestAdapterInit.js:946:3)\n    at _runTestsForDescribeBlock (/Users/evandrogromann/Projetos/aprove-me/apps/api/node_modules/jest-circus/build/jestAdapterInit.js:839:13)\n    at _runTestsForDescribeBlock (/Users/evandrogromann/Projetos/aprove-me/apps/api/node_modules/jest-circus/build/jestAdapterInit.js:829:11)\n    at _runTestsForDescribeBlock (/Users/evandrogromann/Projetos/aprove-me/apps/api/node_modules/jest-circus/build/jestAdapterInit.js:829:11)\n    at run (/Users/evandrogromann/Projetos/aprove-me/apps/api/node_modules/jest-circus/build/jestAdapterInit.js:757:3)\n    at runAndTransformResultsToJestFormat (/Users/evandrogromann/Projetos/aprove-me/apps/api/node_modules/jest-circus/build/jestAdapterInit.js:1917:21)\n    at jestAdapter (/Users/evandrogromann/Projetos/aprove-me/apps/api/node_modules/jest-circus/build/runner.js:101:19)\n    at runTestInternal (/Users/evandrogromann/Projetos/aprove-me/apps/api/node_modules/jest-runner/build/testWorker.js:275:16)\n    at runTest (/Users/evandrogromann/Projetos/aprove-me/apps/api/node_modules/jest-runner/build/testWorker.js:343:7)\n    at Object.worker (/Users/evandrogromann/Projetos/aprove-me/apps/api/node_modules/jest-runner/build/testWorker.js:497:12)"],"fullName":"LoggingInterceptor intercept should log request with user information","invocations":1,"location":null,"numPassingAsserts":0,"retryReasons":[],"startAt":1756527200224,"status":"failed","title":"should log request with user information"},{"ancestorTitles":["LoggingInterceptor","intercept"],"duration":2,"failing":false,"failureDetails":[{}],"failureMessages":["TypeError: context.getHandler is not a function\n    at LoggingInterceptor.intercept (/Users/evandrogromann/Projetos/aprove-me/apps/api/src/shared/logger/logging.interceptor.ts:23:29)\n    at Object.<anonymous> (/Users/evandrogromann/Projetos/aprove-me/apps/api/test/unit/shared/logger/logging.interceptor.spec.ts:107:19)\n    at Promise.finally.completed (/Users/evandrogromann/Projetos/aprove-me/apps/api/node_modules/jest-circus/build/jestAdapterInit.js:1548:26)\n    at new Promise (<anonymous>)\n    at callAsyncCircusFn (/Users/evandrogromann/Projetos/aprove-me/apps/api/node_modules/jest-circus/build/jestAdapterInit.js:1496:10)\n    at _callCircusTest (/Users/evandrogromann/Projetos/aprove-me/apps/api/node_modules/jest-circus/build/jestAdapterInit.js:1006:40)\n    at processTicksAndRejections (node:internal/process/task_queues:95:5)\n    at _runTest (/Users/evandrogromann/Projetos/aprove-me/apps/api/node_modules/jest-circus/build/jestAdapterInit.js:946:3)\n    at _runTestsForDescribeBlock (/Users/evandrogromann/Projetos/aprove-me/apps/api/node_modules/jest-circus/build/jestAdapterInit.js:839:13)\n    at _runTestsForDescribeBlock (/Users/evandrogromann/Projetos/aprove-me/apps/api/node_modules/jest-circus/build/jestAdapterInit.js:829:11)\n    at _runTestsForDescribeBlock (/Users/evandrogromann/Projetos/aprove-me/apps/api/node_modules/jest-circus/build/jestAdapterInit.js:829:11)\n    at run (/Users/evandrogromann/Projetos/aprove-me/apps/api/node_modules/jest-circus/build/jestAdapterInit.js:757:3)\n    at runAndTransformResultsToJestFormat (/Users/evandrogromann/Projetos/aprove-me/apps/api/node_modules/jest-circus/build/jestAdapterInit.js:1917:21)\n    at jestAdapter (/Users/evandrogromann/Projetos/aprove-me/apps/api/node_modules/jest-circus/build/runner.js:101:19)\n    at runTestInternal (/Users/evandrogromann/Projetos/aprove-me/apps/api/node_modules/jest-runner/build/testWorker.js:275:16)\n    at runTest (/Users/evandrogromann/Projetos/aprove-me/apps/api/node_modules/jest-runner/build/testWorker.js:343:7)\n    at Object.worker (/Users/evandrogromann/Projetos/aprove-me/apps/api/node_modules/jest-runner/build/testWorker.js:497:12)"],"fullName":"LoggingInterceptor intercept should log performance metrics on success","invocations":1,"location":null,"numPassingAsserts":0,"retryReasons":[],"startAt":1756527200228,"status":"failed","title":"should log performance metrics on success"},{"ancestorTitles":["LoggingInterceptor","intercept"],"duration":2,"failing":false,"failureDetails":[{}],"failureMessages":["TypeError: context.getHandler is not a function\n    at LoggingInterceptor.intercept (/Users/evandrogromann/Projetos/aprove-me/apps/api/src/shared/logger/logging.interceptor.ts:23:29)\n    at Object.<anonymous> (/Users/evandrogromann/Projetos/aprove-me/apps/api/test/unit/shared/logger/logging.interceptor.spec.ts:127:19)\n    at Promise.finally.completed (/Users/evandrogromann/Projetos/aprove-me/apps/api/node_modules/jest-circus/build/jestAdapterInit.js:1548:26)\n    at new Promise (<anonymous>)\n    at callAsyncCircusFn (/Users/evandrogromann/Projetos/aprove-me/apps/api/node_modules/jest-circus/build/jestAdapterInit.js:1496:10)\n    at _callCircusTest (/Users/evandrogromann/Projetos/aprove-me/apps/api/node_modules/jest-circus/build/jestAdapterInit.js:1006:40)\n    at processTicksAndRejections (node:internal/process/task_queues:95:5)\n    at _runTest (/Users/evandrogromann/Projetos/aprove-me/apps/api/node_modules/jest-circus/build/jestAdapterInit.js:946:3)\n    at _runTestsForDescribeBlock (/Users/evandrogromann/Projetos/aprove-me/apps/api/node_modules/jest-circus/build/jestAdapterInit.js:839:13)\n    at _runTestsForDescribeBlock (/Users/evandrogromann/Projetos/aprove-me/apps/api/node_modules/jest-circus/build/jestAdapterInit.js:829:11)\n    at _runTestsForDescribeBlock (/Users/evandrogromann/Projetos/aprove-me/apps/api/node_modules/jest-circus/build/jestAdapterInit.js:829:11)\n    at run (/Users/evandrogromann/Projetos/aprove-me/apps/api/node_modules/jest-circus/build/jestAdapterInit.js:757:3)\n    at runAndTransformResultsToJestFormat (/Users/evandrogromann/Projetos/aprove-me/apps/api/node_modules/jest-circus/build/jestAdapterInit.js:1917:21)\n    at jestAdapter (/Users/evandrogromann/Projetos/aprove-me/apps/api/node_modules/jest-circus/build/runner.js:101:19)\n    at runTestInternal (/Users/evandrogromann/Projetos/aprove-me/apps/api/node_modules/jest-runner/build/testWorker.js:275:16)\n    at runTest (/Users/evandrogromann/Projetos/aprove-me/apps/api/node_modules/jest-runner/build/testWorker.js:343:7)\n    at Object.worker (/Users/evandrogromann/Projetos/aprove-me/apps/api/node_modules/jest-runner/build/testWorker.js:497:12)"],"fullName":"LoggingInterceptor intercept should log business events for business operations","invocations":1,"location":null,"numPassingAsserts":0,"retryReasons":[],"startAt":1756527200230,"status":"failed","title":"should log business events for business operations"},{"ancestorTitles":["LoggingInterceptor","intercept"],"duration":2,"failing":false,"failureDetails":[{}],"failureMessages":["TypeError: context.getHandler is not a function\n    at LoggingInterceptor.intercept (/Users/evandrogromann/Projetos/aprove-me/apps/api/src/shared/logger/logging.interceptor.ts:23:29)\n    at Object.<anonymous> (/Users/evandrogromann/Projetos/aprove-me/apps/api/test/unit/shared/logger/logging.interceptor.spec.ts:147:19)\n    at Promise.finally.completed (/Users/evandrogromann/Projetos/aprove-me/apps/api/node_modules/jest-circus/build/jestAdapterInit.js:1548:26)\n    at new Promise (<anonymous>)\n    at callAsyncCircusFn (/Users/evandrogromann/Projetos/aprove-me/apps/api/node_modules/jest-circus/build/jestAdapterInit.js:1496:10)\n    at _callCircusTest (/Users/evandrogromann/Projetos/aprove-me/apps/api/node_modules/jest-circus/build/jestAdapterInit.js:1006:40)\n    at processTicksAndRejections (node:internal/process/task_queues:95:5)\n    at _runTest (/Users/evandrogromann/Projetos/aprove-me/apps/api/node_modules/jest-circus/build/jestAdapterInit.js:946:3)\n    at _runTestsForDescribeBlock (/Users/evandrogromann/Projetos/aprove-me/apps/api/node_modules/jest-circus/build/jestAdapterInit.js:839:13)\n    at _runTestsForDescribeBlock (/Users/evandrogromann/Projetos/aprove-me/apps/api/node_modules/jest-circus/build/jestAdapterInit.js:829:11)\n    at _runTestsForDescribeBlock (/Users/evandrogromann/Projetos/aprove-me/apps/api/node_modules/jest-circus/build/jestAdapterInit.js:829:11)\n    at run (/Users/evandrogromann/Projetos/aprove-me/apps/api/node_modules/jest-circus/build/jestAdapterInit.js:757:3)\n    at runAndTransformResultsToJestFormat (/Users/evandrogromann/Projetos/aprove-me/apps/api/node_modules/jest-circus/build/jestAdapterInit.js:1917:21)\n    at jestAdapter (/Users/evandrogromann/Projetos/aprove-me/apps/api/node_modules/jest-circus/build/runner.js:101:19)\n    at runTestInternal (/Users/evandrogromann/Projetos/aprove-me/apps/api/node_modules/jest-runner/build/testWorker.js:275:16)\n    at runTest (/Users/evandrogromann/Projetos/aprove-me/apps/api/node_modules/jest-runner/build/testWorker.js:343:7)\n    at Object.worker (/Users/evandrogromann/Projetos/aprove-me/apps/api/node_modules/jest-runner/build/testWorker.js:497:12)"],"fullName":"LoggingInterceptor intercept should not log business events for non-business operations","invocations":1,"location":null,"numPassingAsserts":0,"retryReasons":[],"startAt":1756527200233,"status":"failed","title":"should not log business events for non-business operations"},{"ancestorTitles":["LoggingInterceptor","intercept"],"duration":2,"failing":false,"failureDetails":[{}],"failureMessages":["TypeError: context.getHandler is not a function\n    at LoggingInterceptor.intercept (/Users/evandrogromann/Projetos/aprove-me/apps/api/src/shared/logger/logging.interceptor.ts:23:29)\n    at Object.<anonymous> (/Users/evandrogromann/Projetos/aprove-me/apps/api/test/unit/shared/logger/logging.interceptor.spec.ts:165:19)\n    at Promise.finally.completed (/Users/evandrogromann/Projetos/aprove-me/apps/api/node_modules/jest-circus/build/jestAdapterInit.js:1548:26)\n    at new Promise (<anonymous>)\n    at callAsyncCircusFn (/Users/evandrogromann/Projetos/aprove-me/apps/api/node_modules/jest-circus/build/jestAdapterInit.js:1496:10)\n    at _callCircusTest (/Users/evandrogromann/Projetos/aprove-me/apps/api/node_modules/jest-circus/build/jestAdapterInit.js:1006:40)\n    at processTicksAndRejections (node:internal/process/task_queues:95:5)\n    at _runTest (/Users/evandrogromann/Projetos/aprove-me/apps/api/node_modules/jest-circus/build/jestAdapterInit.js:946:3)\n    at _runTestsForDescribeBlock (/Users/evandrogromann/Projetos/aprove-me/apps/api/node_modules/jest-circus/build/jestAdapterInit.js:839:13)\n    at _runTestsForDescribeBlock (/Users/evandrogromann/Projetos/aprove-me/apps/api/node_modules/jest-circus/build/jestAdapterInit.js:829:11)\n    at _runTestsForDescribeBlock (/Users/evandrogromann/Projetos/aprove-me/apps/api/node_modules/jest-circus/build/jestAdapterInit.js:829:11)\n    at run (/Users/evandrogromann/Projetos/aprove-me/apps/api/node_modules/jest-circus/build/jestAdapterInit.js:757:3)\n    at runAndTransformResultsToJestFormat (/Users/evandrogromann/Projetos/aprove-me/apps/api/node_modules/jest-circus/build/jestAdapterInit.js:1917:21)\n    at jestAdapter (/Users/evandrogromann/Projetos/aprove-me/apps/api/node_modules/jest-circus/build/runner.js:101:19)\n    at runTestInternal (/Users/evandrogromann/Projetos/aprove-me/apps/api/node_modules/jest-runner/build/testWorker.js:275:16)\n    at runTest (/Users/evandrogromann/Projetos/aprove-me/apps/api/node_modules/jest-runner/build/testWorker.js:343:7)\n    at Object.worker (/Users/evandrogromann/Projetos/aprove-me/apps/api/node_modules/jest-runner/build/testWorker.js:497:12)"],"fullName":"LoggingInterceptor intercept should log errors","invocations":1,"location":null,"numPassingAsserts":0,"retryReasons":[],"startAt":1756527200235,"status":"failed","title":"should log errors"},{"ancestorTitles":["LoggingInterceptor","intercept"],"duration":3,"failing":false,"failureDetails":[{}],"failureMessages":["TypeError: context.getHandler is not a function\n    at LoggingInterceptor.intercept (/Users/evandrogromann/Projetos/aprove-me/apps/api/src/shared/logger/logging.interceptor.ts:23:29)\n    at Object.<anonymous> (/Users/evandrogromann/Projetos/aprove-me/apps/api/test/unit/shared/logger/logging.interceptor.spec.ts:196:19)\n    at Promise.finally.completed (/Users/evandrogromann/Projetos/aprove-me/apps/api/node_modules/jest-circus/build/jestAdapterInit.js:1548:26)\n    at new Promise (<anonymous>)\n    at callAsyncCircusFn (/Users/evandrogromann/Projetos/aprove-me/apps/api/node_modules/jest-circus/build/jestAdapterInit.js:1496:10)\n    at _callCircusTest (/Users/evandrogromann/Projetos/aprove-me/apps/api/node_modules/jest-circus/build/jestAdapterInit.js:1006:40)\n    at processTicksAndRejections (node:internal/process/task_queues:95:5)\n    at _runTest (/Users/evandrogromann/Projetos/aprove-me/apps/api/node_modules/jest-circus/build/jestAdapterInit.js:946:3)\n    at _runTestsForDescribeBlock (/Users/evandrogromann/Projetos/aprove-me/apps/api/node_modules/jest-circus/build/jestAdapterInit.js:839:13)\n    at _runTestsForDescribeBlock (/Users/evandrogromann/Projetos/aprove-me/apps/api/node_modules/jest-circus/build/jestAdapterInit.js:829:11)\n    at _runTestsForDescribeBlock (/Users/evandrogromann/Projetos/aprove-me/apps/api/node_modules/jest-circus/build/jestAdapterInit.js:829:11)\n    at run (/Users/evandrogromann/Projetos/aprove-me/apps/api/node_modules/jest-circus/build/jestAdapterInit.js:757:3)\n    at runAndTransformResultsToJestFormat (/Users/evandrogromann/Projetos/aprove-me/apps/api/node_modules/jest-circus/build/jestAdapterInit.js:1917:21)\n    at jestAdapter (/Users/evandrogromann/Projetos/aprove-me/apps/api/node_modules/jest-circus/build/runner.js:101:19)\n    at runTestInternal (/Users/evandrogromann/Projetos/aprove-me/apps/api/node_modules/jest-runner/build/testWorker.js:275:16)\n    at runTest (/Users/evandrogromann/Projetos/aprove-me/apps/api/node_modules/jest-runner/build/testWorker.js:343:7)\n    at Object.worker (/Users/evandrogromann/Projetos/aprove-me/apps/api/node_modules/jest-runner/build/testWorker.js:497:12)"],"fullName":"LoggingInterceptor intercept should log errors without status (default to 500)","invocations":1,"location":null,"numPassingAsserts":0,"retryReasons":[],"startAt":1756527200237,"status":"failed","title":"should log errors without status (default to 500)"},{"ancestorTitles":["LoggingInterceptor","intercept"],"duration":1,"failing":false,"failureDetails":[{}],"failureMessages":["TypeError: context.getHandler is not a function\n    at LoggingInterceptor.intercept (/Users/evandrogromann/Projetos/aprove-me/apps/api/src/shared/logger/logging.interceptor.ts:23:29)\n    at Object.<anonymous> (/Users/evandrogromann/Projetos/aprove-me/apps/api/test/unit/shared/logger/logging.interceptor.spec.ts:222:19)\n    at Promise.finally.completed (/Users/evandrogromann/Projetos/aprove-me/apps/api/node_modules/jest-circus/build/jestAdapterInit.js:1548:26)\n    at new Promise (<anonymous>)\n    at callAsyncCircusFn (/Users/evandrogromann/Projetos/aprove-me/apps/api/node_modules/jest-circus/build/jestAdapterInit.js:1496:10)\n    at _callCircusTest (/Users/evandrogromann/Projetos/aprove-me/apps/api/node_modules/jest-circus/build/jestAdapterInit.js:1006:40)\n    at processTicksAndRejections (node:internal/process/task_queues:95:5)\n    at _runTest (/Users/evandrogromann/Projetos/aprove-me/apps/api/node_modules/jest-circus/build/jestAdapterInit.js:946:3)\n    at _runTestsForDescribeBlock (/Users/evandrogromann/Projetos/aprove-me/apps/api/node_modules/jest-circus/build/jestAdapterInit.js:839:13)\n    at _runTestsForDescribeBlock (/Users/evandrogromann/Projetos/aprove-me/apps/api/node_modules/jest-circus/build/jestAdapterInit.js:829:11)\n    at _runTestsForDescribeBlock (/Users/evandrogromann/Projetos/aprove-me/apps/api/node_modules/jest-circus/build/jestAdapterInit.js:829:11)\n    at run (/Users/evandrogromann/Projetos/aprove-me/apps/api/node_modules/jest-circus/build/jestAdapterInit.js:757:3)\n    at runAndTransformResultsToJestFormat (/Users/evandrogromann/Projetos/aprove-me/apps/api/node_modules/jest-circus/build/jestAdapterInit.js:1917:21)\n    at jestAdapter (/Users/evandrogromann/Projetos/aprove-me/apps/api/node_modules/jest-circus/build/runner.js:101:19)\n    at runTestInternal (/Users/evandrogromann/Projetos/aprove-me/apps/api/node_modules/jest-runner/build/testWorker.js:275:16)\n    at runTest (/Users/evandrogromann/Projetos/aprove-me/apps/api/node_modules/jest-runner/build/testWorker.js:343:7)\n    at Object.worker (/Users/evandrogromann/Projetos/aprove-me/apps/api/node_modules/jest-runner/build/testWorker.js:497:12)"],"fullName":"LoggingInterceptor intercept should log security events for authentication failures","invocations":1,"location":null,"numPassingAsserts":0,"retryReasons":[],"startAt":1756527200241,"status":"failed","title":"should log security events for authentication failures"},{"ancestorTitles":["LoggingInterceptor","intercept"],"duration":1,"failing":false,"failureDetails":[{}],"failureMessages":["TypeError: context.getHandler is not a function\n    at LoggingInterceptor.intercept (/Users/evandrogromann/Projetos/aprove-me/apps/api/src/shared/logger/logging.interceptor.ts:23:29)\n    at Object.<anonymous> (/Users/evandrogromann/Projetos/aprove-me/apps/api/test/unit/shared/logger/logging.interceptor.spec.ts:250:19)\n    at Promise.finally.completed (/Users/evandrogromann/Projetos/aprove-me/apps/api/node_modules/jest-circus/build/jestAdapterInit.js:1548:26)\n    at new Promise (<anonymous>)\n    at callAsyncCircusFn (/Users/evandrogromann/Projetos/aprove-me/apps/api/node_modules/jest-circus/build/jestAdapterInit.js:1496:10)\n    at _callCircusTest (/Users/evandrogromann/Projetos/aprove-me/apps/api/node_modules/jest-circus/build/jestAdapterInit.js:1006:40)\n    at processTicksAndRejections (node:internal/process/task_queues:95:5)\n    at _runTest (/Users/evandrogromann/Projetos/aprove-me/apps/api/node_modules/jest-circus/build/jestAdapterInit.js:946:3)\n    at _runTestsForDescribeBlock (/Users/evandrogromann/Projetos/aprove-me/apps/api/node_modules/jest-circus/build/jestAdapterInit.js:839:13)\n    at _runTestsForDescribeBlock (/Users/evandrogromann/Projetos/aprove-me/apps/api/node_modules/jest-circus/build/jestAdapterInit.js:829:11)\n    at _runTestsForDescribeBlock (/Users/evandrogromann/Projetos/aprove-me/apps/api/node_modules/jest-circus/build/jestAdapterInit.js:829:11)\n    at run (/Users/evandrogromann/Projetos/aprove-me/apps/api/node_modules/jest-circus/build/jestAdapterInit.js:757:3)\n    at runAndTransformResultsToJestFormat (/Users/evandrogromann/Projetos/aprove-me/apps/api/node_modules/jest-circus/build/jestAdapterInit.js:1917:21)\n    at jestAdapter (/Users/evandrogromann/Projetos/aprove-me/apps/api/node_modules/jest-circus/build/runner.js:101:19)\n    at runTestInternal (/Users/evandrogromann/Projetos/aprove-me/apps/api/node_modules/jest-runner/build/testWorker.js:275:16)\n    at runTest (/Users/evandrogromann/Projetos/aprove-me/apps/api/node_modules/jest-runner/build/testWorker.js:343:7)\n    at Object.worker (/Users/evandrogromann/Projetos/aprove-me/apps/api/node_modules/jest-runner/build/testWorker.js:497:12)"],"fullName":"LoggingInterceptor intercept should log security events for authorization failures","invocations":1,"location":null,"numPassingAsserts":0,"retryReasons":[],"startAt":1756527200244,"status":"failed","title":"should log security events for authorization failures"},{"ancestorTitles":["LoggingInterceptor","intercept"],"duration":6,"failing":false,"failureDetails":[{}],"failureMessages":["TypeError: context.getHandler is not a function\n    at LoggingInterceptor.intercept (/Users/evandrogromann/Projetos/aprove-me/apps/api/src/shared/logger/logging.interceptor.ts:23:29)\n    at Object.<anonymous> (/Users/evandrogromann/Projetos/aprove-me/apps/api/test/unit/shared/logger/logging.interceptor.spec.ts:273:19)\n    at Promise.finally.completed (/Users/evandrogromann/Projetos/aprove-me/apps/api/node_modules/jest-circus/build/jestAdapterInit.js:1548:26)\n    at new Promise (<anonymous>)\n    at callAsyncCircusFn (/Users/evandrogromann/Projetos/aprove-me/apps/api/node_modules/jest-circus/build/jestAdapterInit.js:1496:10)\n    at _callCircusTest (/Users/evandrogromann/Projetos/aprove-me/apps/api/node_modules/jest-circus/build/jestAdapterInit.js:1006:40)\n    at processTicksAndRejections (node:internal/process/task_queues:95:5)\n    at _runTest (/Users/evandrogromann/Projetos/aprove-me/apps/api/node_modules/jest-circus/build/jestAdapterInit.js:946:3)\n    at _runTestsForDescribeBlock (/Users/evandrogromann/Projetos/aprove-me/apps/api/node_modules/jest-circus/build/jestAdapterInit.js:839:13)\n    at _runTestsForDescribeBlock (/Users/evandrogromann/Projetos/aprove-me/apps/api/node_modules/jest-circus/build/jestAdapterInit.js:829:11)\n    at _runTestsForDescribeBlock (/Users/evandrogromann/Projetos/aprove-me/apps/api/node_modules/jest-circus/build/jestAdapterInit.js:829:11)\n    at run (/Users/evandrogromann/Projetos/aprove-me/apps/api/node_modules/jest-circus/build/jestAdapterInit.js:757:3)\n    at runAndTransformResultsToJestFormat (/Users/evandrogromann/Projetos/aprove-me/apps/api/node_modules/jest-circus/build/jestAdapterInit.js:1917:21)\n    at jestAdapter (/Users/evandrogromann/Projetos/aprove-me/apps/api/node_modules/jest-circus/build/runner.js:101:19)\n    at runTestInternal (/Users/evandrogromann/Projetos/aprove-me/apps/api/node_modules/jest-runner/build/testWorker.js:275:16)\n    at runTest (/Users/evandrogromann/Projetos/aprove-me/apps/api/node_modules/jest-runner/build/testWorker.js:343:7)\n    at Object.worker (/Users/evandrogromann/Projetos/aprove-me/apps/api/node_modules/jest-runner/build/testWorker.js:497:12)"],"fullName":"LoggingInterceptor intercept should not log security events for non-security errors","invocations":1,"location":null,"numPassingAsserts":0,"retryReasons":[],"startAt":1756527200245,"status":"failed","title":"should not log security events for non-security errors"},{"ancestorTitles":["LoggingInterceptor","intercept"],"duration":1,"failing":false,"failureDetails":[{}],"failureMessages":["TypeError: context.getHandler is not a function\n    at LoggingInterceptor.intercept (/Users/evandrogromann/Projetos/aprove-me/apps/api/src/shared/logger/logging.interceptor.ts:23:29)\n    at Object.<anonymous> (/Users/evandrogromann/Projetos/aprove-me/apps/api/test/unit/shared/logger/logging.interceptor.spec.ts:291:19)\n    at Promise.finally.completed (/Users/evandrogromann/Projetos/aprove-me/apps/api/node_modules/jest-circus/build/jestAdapterInit.js:1548:26)\n    at new Promise (<anonymous>)\n    at callAsyncCircusFn (/Users/evandrogromann/Projetos/aprove-me/apps/api/node_modules/jest-circus/build/jestAdapterInit.js:1496:10)\n    at _callCircusTest (/Users/evandrogromann/Projetos/aprove-me/apps/api/node_modules/jest-circus/build/jestAdapterInit.js:1006:40)\n    at processTicksAndRejections (node:internal/process/task_queues:95:5)\n    at _runTest (/Users/evandrogromann/Projetos/aprove-me/apps/api/node_modules/jest-circus/build/jestAdapterInit.js:946:3)\n    at _runTestsForDescribeBlock (/Users/evandrogromann/Projetos/aprove-me/apps/api/node_modules/jest-circus/build/jestAdapterInit.js:839:13)\n    at _runTestsForDescribeBlock (/Users/evandrogromann/Projetos/aprove-me/apps/api/node_modules/jest-circus/build/jestAdapterInit.js:829:11)\n    at _runTestsForDescribeBlock (/Users/evandrogromann/Projetos/aprove-me/apps/api/node_modules/jest-circus/build/jestAdapterInit.js:829:11)\n    at run (/Users/evandrogromann/Projetos/aprove-me/apps/api/node_modules/jest-circus/build/jestAdapterInit.js:757:3)\n    at runAndTransformResultsToJestFormat (/Users/evandrogromann/Projetos/aprove-me/apps/api/node_modules/jest-circus/build/jestAdapterInit.js:1917:21)\n    at jestAdapter (/Users/evandrogromann/Projetos/aprove-me/apps/api/node_modules/jest-circus/build/runner.js:101:19)\n    at runTestInternal (/Users/evandrogromann/Projetos/aprove-me/apps/api/node_modules/jest-runner/build/testWorker.js:275:16)\n    at runTest (/Users/evandrogromann/Projetos/aprove-me/apps/api/node_modules/jest-runner/build/testWorker.js:343:7)\n    at Object.worker (/Users/evandrogromann/Projetos/aprove-me/apps/api/node_modules/jest-runner/build/testWorker.js:497:12)"],"fullName":"LoggingInterceptor intercept should handle errors with custom error names","invocations":1,"location":null,"numPassingAsserts":0,"retryReasons":[],"startAt":1756527200251,"status":"failed","title":"should handle errors with custom error names"},{"ancestorTitles":["LoggingInterceptor","isBusinessOperation"],"duration":1,"failing":false,"failureDetails":[{}],"failureMessages":["TypeError: context.getHandler is not a function\n    at LoggingInterceptor.intercept (/Users/evandrogromann/Projetos/aprove-me/apps/api/src/shared/logger/logging.interceptor.ts:23:29)\n    at /Users/evandrogromann/Projetos/aprove-me/apps/api/test/unit/shared/logger/logging.interceptor.spec.ts:324:21\n    at Array.forEach (<anonymous>)\n    at Object.<anonymous> (/Users/evandrogromann/Projetos/aprove-me/apps/api/test/unit/shared/logger/logging.interceptor.spec.ts:320:21)\n    at Promise.finally.completed (/Users/evandrogromann/Projetos/aprove-me/apps/api/node_modules/jest-circus/build/jestAdapterInit.js:1556:28)\n    at new Promise (<anonymous>)\n    at callAsyncCircusFn (/Users/evandrogromann/Projetos/aprove-me/apps/api/node_modules/jest-circus/build/jestAdapterInit.js:1496:10)\n    at _callCircusTest (/Users/evandrogromann/Projetos/aprove-me/apps/api/node_modules/jest-circus/build/jestAdapterInit.js:1006:40)\n    at processTicksAndRejections (node:internal/process/task_queues:95:5)\n    at _runTest (/Users/evandrogromann/Projetos/aprove-me/apps/api/node_modules/jest-circus/build/jestAdapterInit.js:946:3)\n    at _runTestsForDescribeBlock (/Users/evandrogromann/Projetos/aprove-me/apps/api/node_modules/jest-circus/build/jestAdapterInit.js:839:13)\n    at _runTestsForDescribeBlock (/Users/evandrogromann/Projetos/aprove-me/apps/api/node_modules/jest-circus/build/jestAdapterInit.js:829:11)\n    at _runTestsForDescribeBlock (/Users/evandrogromann/Projetos/aprove-me/apps/api/node_modules/jest-circus/build/jestAdapterInit.js:829:11)\n    at run (/Users/evandrogromann/Projetos/aprove-me/apps/api/node_modules/jest-circus/build/jestAdapterInit.js:757:3)\n    at runAndTransformResultsToJestFormat (/Users/evandrogromann/Projetos/aprove-me/apps/api/node_modules/jest-circus/build/jestAdapterInit.js:1917:21)\n    at jestAdapter (/Users/evandrogromann/Projetos/aprove-me/apps/api/node_modules/jest-circus/build/runner.js:101:19)\n    at runTestInternal (/Users/evandrogromann/Projetos/aprove-me/apps/api/node_modules/jest-runner/build/testWorker.js:275:16)\n    at runTest (/Users/evandrogromann/Projetos/aprove-me/apps/api/node_modules/jest-runner/build/testWorker.js:343:7)\n    at Object.worker (/Users/evandrogromann/Projetos/aprove-me/apps/api/node_modules/jest-runner/build/testWorker.js:497:12)"],"fullName":"LoggingInterceptor isBusinessOperation should identify business operations correctly","invocations":1,"location":null,"numPassingAsserts":0,"retryReasons":[],"startAt":1756527200252,"status":"failed","title":"should identify business operations correctly"}],"endTime":1756527200361,"message":"\u001b[1m\u001b[31m  \u001b[1m● \u001b[22m\u001b[1mLoggingInterceptor › intercept › should log incoming request\u001b[39m\u001b[22m\n\n    TypeError: context.getHandler is not a function\n\u001b[2m\u001b[22m\n\u001b[2m    \u001b[0m \u001b[90m 21 |\u001b[39m     \u001b[36mconst\u001b[39m request \u001b[33m=\u001b[39m context\u001b[33m.\u001b[39mswitchToHttp()\u001b[33m.\u001b[39mgetRequest\u001b[33m<\u001b[39m\u001b[33mRequest\u001b[39m\u001b[33m>\u001b[39m()\u001b[33m;\u001b[39m\u001b[22m\n\u001b[2m     \u001b[90m 22 |\u001b[39m     \u001b[36mconst\u001b[39m response \u001b[33m=\u001b[39m context\u001b[33m.\u001b[39mswitchToHttp()\u001b[33m.\u001b[39mgetResponse\u001b[33m<\u001b[39m\u001b[33mResponse\u001b[39m\u001b[33m>\u001b[39m()\u001b[33m;\u001b[39m\u001b[22m\n\u001b[2m    \u001b[31m\u001b[1m>\u001b[22m\u001b[2m\u001b[39m\u001b[90m 23 |\u001b[39m     \u001b[36mconst\u001b[39m handler \u001b[33m=\u001b[39m context\u001b[33m.\u001b[39mgetHandler()\u001b[33m;\u001b[39m\u001b[22m\n\u001b[2m     \u001b[90m    |\u001b[39m                             \u001b[31m\u001b[1m^\u001b[22m\u001b[2m\u001b[39m\u001b[22m\n\u001b[2m     \u001b[90m 24 |\u001b[39m     \u001b[36mconst\u001b[39m controller \u001b[33m=\u001b[39m context\u001b[33m.\u001b[39mgetClass()\u001b[33m;\u001b[39m\u001b[22m\n\u001b[2m     \u001b[90m 25 |\u001b[39m     \u001b[22m\n\u001b[2m     \u001b[90m 26 |\u001b[39m     \u001b[36mconst\u001b[39m { method\u001b[33m,\u001b[39m url\u001b[33m,\u001b[39m body\u001b[33m,\u001b[39m query\u001b[33m,\u001b[39m params } \u001b[33m=\u001b[39m request\u001b[33m;\u001b[39m\u001b[0m\u001b[22m\n\u001b[2m\u001b[22m\n\u001b[2m      \u001b[2mat LoggingInterceptor.intercept (\u001b[22m\u001b[2msrc/shared/logger/logging.interceptor.ts\u001b[2m:23:29)\u001b[22m\u001b[2m\u001b[22m\n\u001b[2m      \u001b[2mat Object.<anonymous> (\u001b[22m\u001b[2m\u001b[0m\u001b[36mtest/unit/shared/logger/logging.interceptor.spec.ts\u001b[39m\u001b[0m\u001b[2m:68:19)\u001b[22m\u001b[2m\u001b[22m\n\n\u001b[1m\u001b[31m  \u001b[1m● \u001b[22m\u001b[1mLoggingInterceptor › intercept › should log request with user information\u001b[39m\u001b[22m\n\n    TypeError: context.getHandler is not a function\n\u001b[2m\u001b[22m\n\u001b[2m    \u001b[0m \u001b[90m 21 |\u001b[39m     \u001b[36mconst\u001b[39m request \u001b[33m=\u001b[39m context\u001b[33m.\u001b[39mswitchToHttp()\u001b[33m.\u001b[39mgetRequest\u001b[33m<\u001b[39m\u001b[33mRequest\u001b[39m\u001b[33m>\u001b[39m()\u001b[33m;\u001b[39m\u001b[22m\n\u001b[2m     \u001b[90m 22 |\u001b[39m     \u001b[36mconst\u001b[39m response \u001b[33m=\u001b[39m context\u001b[33m.\u001b[39mswitchToHttp()\u001b[33m.\u001b[39mgetResponse\u001b[33m<\u001b[39m\u001b[33mResponse\u001b[39m\u001b[33m>\u001b[39m()\u001b[33m;\u001b[39m\u001b[22m\n\u001b[2m    \u001b[31m\u001b[1m>\u001b[22m\u001b[2m\u001b[39m\u001b[90m 23 |\u001b[39m     \u001b[36mconst\u001b[39m handler \u001b[33m=\u001b[39m context\u001b[33m.\u001b[39mgetHandler()\u001b[33m;\u001b[39m\u001b[22m\n\u001b[2m     \u001b[90m    |\u001b[39m                             \u001b[31m\u001b[1m^\u001b[22m\u001b[2m\u001b[39m\u001b[22m\n\u001b[2m     \u001b[90m 24 |\u001b[39m     \u001b[36mconst\u001b[39m controller \u001b[33m=\u001b[39m context\u001b[33m.\u001b[39mgetClass()\u001b[33m;\u001b[39m\u001b[22m\n\u001b[2m     \u001b[90m 25 |\u001b[39m     \u001b[22m\n\u001b[2m     \u001b[90m 26 |\u001b[39m     \u001b[36mconst\u001b[39m { method\u001b[33m,\u001b[39m url\u001b[33m,\u001b[39m body\u001b[33m,\u001b[39m query\u001b[33m,\u001b[39m params } \u001b[33m=\u001b[39m request\u001b[33m;\u001b[39m\u001b[0m\u001b[22m\n\u001b[2m\u001b[22m\n\u001b[2m      \u001b[2mat LoggingInterceptor.intercept (\u001b[22m\u001b[2msrc/shared/logger/logging.interceptor.ts\u001b[2m:23:29)\u001b[22m\u001b[2m\u001b[22m\n\u001b[2m      \u001b[2mat Object.<anonymous> (\u001b[22m\u001b[2m\u001b[0m\u001b[36mtest/unit/shared/logger/logging.interceptor.spec.ts\u001b[39m\u001b[0m\u001b[2m:89:19)\u001b[22m\u001b[2m\u001b[22m\n\n\u001b[1m\u001b[31m  \u001b[1m● \u001b[22m\u001b[1mLoggingInterceptor › intercept › should log performance metrics on success\u001b[39m\u001b[22m\n\n    TypeError: context.getHandler is not a function\n\u001b[2m\u001b[22m\n\u001b[2m    \u001b[0m \u001b[90m 21 |\u001b[39m     \u001b[36mconst\u001b[39m request \u001b[33m=\u001b[39m context\u001b[33m.\u001b[39mswitchToHttp()\u001b[33m.\u001b[39mgetRequest\u001b[33m<\u001b[39m\u001b[33mRequest\u001b[39m\u001b[33m>\u001b[39m()\u001b[33m;\u001b[39m\u001b[22m\n\u001b[2m     \u001b[90m 22 |\u001b[39m     \u001b[36mconst\u001b[39m response \u001b[33m=\u001b[39m context\u001b[33m.\u001b[39mswitchToHttp()\u001b[33m.\u001b[39mgetResponse\u001b[33m<\u001b[39m\u001b[33mResponse\u001b[39m\u001b[33m>\u001b[39m()\u001b[33m;\u001b[39m\u001b[22m\n\u001b[2m    \u001b[31m\u001b[1m>\u001b[22m\u001b[2m\u001b[39m\u001b[90m 23 |\u001b[39m     \u001b[36mconst\u001b[39m handler \u001b[33m=\u001b[39m context\u001b[33m.\u001b[39mgetHandler()\u001b[33m;\u001b[39m\u001b[22m\n\u001b[2m     \u001b[90m    |\u001b[39m                             \u001b[31m\u001b[1m^\u001b[22m\u001b[2m\u001b[39m\u001b[22m\n\u001b[2m     \u001b[90m 24 |\u001b[39m     \u001b[36mconst\u001b[39m controller \u001b[33m=\u001b[39m context\u001b[33m.\u001b[39mgetClass()\u001b[33m;\u001b[39m\u001b[22m\n\u001b[2m     \u001b[90m 25 |\u001b[39m     \u001b[22m\n\u001b[2m     \u001b[90m 26 |\u001b[39m     \u001b[36mconst\u001b[39m { method\u001b[33m,\u001b[39m url\u001b[33m,\u001b[39m body\u001b[33m,\u001b[39m query\u001b[33m,\u001b[39m params } \u001b[33m=\u001b[39m request\u001b[33m;\u001b[39m\u001b[0m\u001b[22m\n\u001b[2m\u001b[22m\n\u001b[2m      \u001b[2mat LoggingInterceptor.intercept (\u001b[22m\u001b[2msrc/shared/logger/logging.interceptor.ts\u001b[2m:23:29)\u001b[22m\u001b[2m\u001b[22m\n\u001b[2m      \u001b[2mat Object.<anonymous> (\u001b[22m\u001b[2m\u001b[0m\u001b[36mtest/unit/shared/logger/logging.interceptor.spec.ts\u001b[39m\u001b[0m\u001b[2m:107:19)\u001b[22m\u001b[2m\u001b[22m\n\n\u001b[1m\u001b[31m  \u001b[1m● \u001b[22m\u001b[1mLoggingInterceptor › intercept › should log business events for business operations\u001b[39m\u001b[22m\n\n    TypeError: context.getHandler is not a function\n\u001b[2m\u001b[22m\n\u001b[2m    \u001b[0m \u001b[90m 21 |\u001b[39m     \u001b[36mconst\u001b[39m request \u001b[33m=\u001b[39m context\u001b[33m.\u001b[39mswitchToHttp()\u001b[33m.\u001b[39mgetRequest\u001b[33m<\u001b[39m\u001b[33mRequest\u001b[39m\u001b[33m>\u001b[39m()\u001b[33m;\u001b[39m\u001b[22m\n\u001b[2m     \u001b[90m 22 |\u001b[39m     \u001b[36mconst\u001b[39m response \u001b[33m=\u001b[39m context\u001b[33m.\u001b[39mswitchToHttp()\u001b[33m.\u001b[39mgetResponse\u001b[33m<\u001b[39m\u001b[33mResponse\u001b[39m\u001b[33m>\u001b[39m()\u001b[33m;\u001b[39m\u001b[22m\n\u001b[2m    \u001b[31m\u001b[1m>\u001b[22m\u001b[2m\u001b[39m\u001b[90m 23 |\u001b[39m     \u001b[36mconst\u001b[39m handler \u001b[33m=\u001b[39m context\u001b[33m.\u001b[39mgetHandler()\u001b[33m;\u001b[39m\u001b[22m\n\u001b[2m     \u001b[90m    |\u001b[39m                             \u001b[31m\u001b[1m^\u001b[22m\u001b[2m\u001b[39m\u001b[22m\n\u001b[2m     \u001b[90m 24 |\u001b[39m     \u001b[36mconst\u001b[39m controller \u001b[33m=\u001b[39m context\u001b[33m.\u001b[39mgetClass()\u001b[33m;\u001b[39m\u001b[22m\n\u001b[2m     \u001b[90m 25 |\u001b[39m     \u001b[22m\n\u001b[2m     \u001b[90m 26 |\u001b[39m     \u001b[36mconst\u001b[39m { method\u001b[33m,\u001b[39m url\u001b[33m,\u001b[39m body\u001b[33m,\u001b[39m query\u001b[33m,\u001b[39m params } \u001b[33m=\u001b[39m request\u001b[33m;\u001b[39m\u001b[0m\u001b[22m\n\u001b[2m\u001b[22m\n\u001b[2m      \u001b[2mat LoggingInterceptor.intercept (\u001b[22m\u001b[2msrc/shared/logger/logging.interceptor.ts\u001b[2m:23:29)\u001b[22m\u001b[2m\u001b[22m\n\u001b[2m      \u001b[2mat Object.<anonymous> (\u001b[22m\u001b[2m\u001b[0m\u001b[36mtest/unit/shared/logger/logging.interceptor.spec.ts\u001b[39m\u001b[0m\u001b[2m:127:19)\u001b[22m\u001b[2m\u001b[22m\n\n\u001b[1m\u001b[31m  \u001b[1m● \u001b[22m\u001b[1mLoggingInterceptor › intercept › should not log business events for non-business operations\u001b[39m\u001b[22m\n\n    TypeError: context.getHandler is not a function\n\u001b[2m\u001b[22m\n\u001b[2m    \u001b[0m \u001b[90m 21 |\u001b[39m     \u001b[36mconst\u001b[39m request \u001b[33m=\u001b[39m context\u001b[33m.\u001b[39mswitchToHttp()\u001b[33m.\u001b[39mgetRequest\u001b[33m<\u001b[39m\u001b[33mRequest\u001b[39m\u001b[33m>\u001b[39m()\u001b[33m;\u001b[39m\u001b[22m\n\u001b[2m     \u001b[90m 22 |\u001b[39m     \u001b[36mconst\u001b[39m response \u001b[33m=\u001b[39m context\u001b[33m.\u001b[39mswitchToHttp()\u001b[33m.\u001b[39mgetResponse\u001b[33m<\u001b[39m\u001b[33mResponse\u001b[39m\u001b[33m>\u001b[39m()\u001b[33m;\u001b[39m\u001b[22m\n\u001b[2m    \u001b[31m\u001b[1m>\u001b[22m\u001b[2m\u001b[39m\u001b[90m 23 |\u001b[39m     \u001b[36mconst\u001b[39m handler \u001b[33m=\u001b[39m context\u001b[33m.\u001b[39mgetHandler()\u001b[33m;\u001b[39m\u001b[22m\n\u001b[2m     \u001b[90m    |\u001b[39m                             \u001b[31m\u001b[1m^\u001b[22m\u001b[2m\u001b[39m\u001b[22m\n\u001b[2m     \u001b[90m 24 |\u001b[39m     \u001b[36mconst\u001b[39m controller \u001b[33m=\u001b[39m context\u001b[33m.\u001b[39mgetClass()\u001b[33m;\u001b[39m\u001b[22m\n\u001b[2m     \u001b[90m 25 |\u001b[39m     \u001b[22m\n\u001b[2m     \u001b[90m 26 |\u001b[39m     \u001b[36mconst\u001b[39m { method\u001b[33m,\u001b[39m url\u001b[33m,\u001b[39m body\u001b[33m,\u001b[39m query\u001b[33m,\u001b[39m params } \u001b[33m=\u001b[39m request\u001b[33m;\u001b[39m\u001b[0m\u001b[22m\n\u001b[2m\u001b[22m\n\u001b[2m      \u001b[2mat LoggingInterceptor.intercept (\u001b[22m\u001b[2msrc/shared/logger/logging.interceptor.ts\u001b[2m:23:29)\u001b[22m\u001b[2m\u001b[22m\n\u001b[2m      \u001b[2mat Object.<anonymous> (\u001b[22m\u001b[2m\u001b[0m\u001b[36mtest/unit/shared/logger/logging.interceptor.spec.ts\u001b[39m\u001b[0m\u001b[2m:147:19)\u001b[22m\u001b[2m\u001b[22m\n\n\u001b[1m\u001b[31m  \u001b[1m● \u001b[22m\u001b[1mLoggingInterceptor › intercept › should log errors\u001b[39m\u001b[22m\n\n    TypeError: context.getHandler is not a function\n\u001b[2m\u001b[22m\n\u001b[2m    \u001b[0m \u001b[90m 21 |\u001b[39m     \u001b[36mconst\u001b[39m request \u001b[33m=\u001b[39m context\u001b[33m.\u001b[39mswitchToHttp()\u001b[33m.\u001b[39mgetRequest\u001b[33m<\u001b[39m\u001b[33mRequest\u001b[39m\u001b[33m>\u001b[39m()\u001b[33m;\u001b[39m\u001b[22m\n\u001b[2m     \u001b[90m 22 |\u001b[39m     \u001b[36mconst\u001b[39m response \u001b[33m=\u001b[39m context\u001b[33m.\u001b[39mswitchToHttp()\u001b[33m.\u001b[39mgetResponse\u001b[33m<\u001b[39m\u001b[33mResponse\u001b[39m\u001b[33m>\u001b[39m()\u001b[33m;\u001b[39m\u001b[22m\n\u001b[2m    \u001b[31m\u001b[1m>\u001b[22m\u001b[2m\u001b[39m\u001b[90m 23 |\u001b[39m     \u001b[36mconst\u001b[39m handler \u001b[33m=\u001b[39m context\u001b[33m.\u001b[39mgetHandler()\u001b[33m;\u001b[39m\u001b[22m\n\u001b[2m     \u001b[90m    |\u001b[39m                             \u001b[31m\u001b[1m^\u001b[22m\u001b[2m\u001b[39m\u001b[22m\n\u001b[2m     \u001b[90m 24 |\u001b[39m     \u001b[36mconst\u001b[39m controller \u001b[33m=\u001b[39m context\u001b[33m.\u001b[39mgetClass()\u001b[33m;\u001b[39m\u001b[22m\n\u001b[2m     \u001b[90m 25 |\u001b[39m     \u001b[22m\n\u001b[2m     \u001b[90m 26 |\u001b[39m     \u001b[36mconst\u001b[39m { method\u001b[33m,\u001b[39m url\u001b[33m,\u001b[39m body\u001b[33m,\u001b[39m query\u001b[33m,\u001b[39m params } \u001b[33m=\u001b[39m request\u001b[33m;\u001b[39m\u001b[0m\u001b[22m\n\u001b[2m\u001b[22m\n\u001b[2m      \u001b[2mat LoggingInterceptor.intercept (\u001b[22m\u001b[2msrc/shared/logger/logging.interceptor.ts\u001b[2m:23:29)\u001b[22m\u001b[2m\u001b[22m\n\u001b[2m      \u001b[2mat Object.<anonymous> (\u001b[22m\u001b[2m\u001b[0m\u001b[36mtest/unit/shared/logger/logging.interceptor.spec.ts\u001b[39m\u001b[0m\u001b[2m:165:19)\u001b[22m\u001b[2m\u001b[22m\n\n\u001b[1m\u001b[31m  \u001b[1m● \u001b[22m\u001b[1mLoggingInterceptor › intercept › should log errors without status (default to 500)\u001b[39m\u001b[22m\n\n    TypeError: context.getHandler is not a function\n\u001b[2m\u001b[22m\n\u001b[2m    \u001b[0m \u001b[90m 21 |\u001b[39m     \u001b[36mconst\u001b[39m request \u001b[33m=\u001b[39m context\u001b[33m.\u001b[39mswitchToHttp()\u001b[33m.\u001b[39mgetRequest\u001b[33m<\u001b[39m\u001b[33mRequest\u001b[39m\u001b[33m>\u001b[39m()\u001b[33m;\u001b[39m\u001b[22m\n\u001b[2m     \u001b[90m 22 |\u001b[39m     \u001b[36mconst\u001b[39m response \u001b[33m=\u001b[39m context\u001b[33m.\u001b[39mswitchToHttp()\u001b[33m.\u001b[39mgetResponse\u001b[33m<\u001b[39m\u001b[33mResponse\u001b[39m\u001b[33m>\u001b[39m()\u001b[33m;\u001b[39m\u001b[22m\n\u001b[2m    \u001b[31m\u001b[1m>\u001b[22m\u001b[2m\u001b[39m\u001b[90m 23 |\u001b[39m     \u001b[36mconst\u001b[39m handler \u001b[33m=\u001b[39m context\u001b[33m.\u001b[39mgetHandler()\u001b[33m;\u001b[39m\u001b[22m\n\u001b[2m     \u001b[90m    |\u001b[39m                             \u001b[31m\u001b[1m^\u001b[22m\u001b[2m\u001b[39m\u001b[22m\n\u001b[2m     \u001b[90m 24 |\u001b[39m     \u001b[36mconst\u001b[39m controller \u001b[33m=\u001b[39m context\u001b[33m.\u001b[39mgetClass()\u001b[33m;\u001b[39m\u001b[22m\n\u001b[2m     \u001b[90m 25 |\u001b[39m     \u001b[22m\n\u001b[2m     \u001b[90m 26 |\u001b[39m     \u001b[36mconst\u001b[39m { method\u001b[33m,\u001b[39m url\u001b[33m,\u001b[39m body\u001b[33m,\u001b[39m query\u001b[33m,\u001b[39m params } \u001b[33m=\u001b[39m request\u001b[33m;\u001b[39m\u001b[0m\u001b[22m\n\u001b[2m\u001b[22m\n\u001b[2m      \u001b[2mat LoggingInterceptor.intercept (\u001b[22m\u001b[2msrc/shared/logger/logging.interceptor.ts\u001b[2m:23:29)\u001b[22m\u001b[2m\u001b[22m\n\u001b[2m      \u001b[2mat Object.<anonymous> (\u001b[22m\u001b[2m\u001b[0m\u001b[36mtest/unit/shared/logger/logging.interceptor.spec.ts\u001b[39m\u001b[0m\u001b[2m:196:19)\u001b[22m\u001b[2m\u001b[22m\n\n\u001b[1m\u001b[31m  \u001b[1m● \u001b[22m\u001b[1mLoggingInterceptor › intercept › should log security events for authentication failures\u001b[39m\u001b[22m\n\n    TypeError: context.getHandler is not a function\n\u001b[2m\u001b[22m\n\u001b[2m    \u001b[0m \u001b[90m 21 |\u001b[39m     \u001b[36mconst\u001b[39m request \u001b[33m=\u001b[39m context\u001b[33m.\u001b[39mswitchToHttp()\u001b[33m.\u001b[39mgetRequest\u001b[33m<\u001b[39m\u001b[33mRequest\u001b[39m\u001b[33m>\u001b[39m()\u001b[33m;\u001b[39m\u001b[22m\n\u001b[2m     \u001b[90m 22 |\u001b[39m     \u001b[36mconst\u001b[39m response \u001b[33m=\u001b[39m context\u001b[33m.\u001b[39mswitchToHttp()\u001b[33m.\u001b[39mgetResponse\u001b[33m<\u001b[39m\u001b[33mResponse\u001b[39m\u001b[33m>\u001b[39m()\u001b[33m;\u001b[39m\u001b[22m\n\u001b[2m    \u001b[31m\u001b[1m>\u001b[22m\u001b[2m\u001b[39m\u001b[90m 23 |\u001b[39m     \u001b[36mconst\u001b[39m handler \u001b[33m=\u001b[39m context\u001b[33m.\u001b[39mgetHandler()\u001b[33m;\u001b[39m\u001b[22m\n\u001b[2m     \u001b[90m    |\u001b[39m                             \u001b[31m\u001b[1m^\u001b[22m\u001b[2m\u001b[39m\u001b[22m\n\u001b[2m     \u001b[90m 24 |\u001b[39m     \u001b[36mconst\u001b[39m controller \u001b[33m=\u001b[39m context\u001b[33m.\u001b[39mgetClass()\u001b[33m;\u001b[39m\u001b[22m\n\u001b[2m     \u001b[90m 25 |\u001b[39m     \u001b[22m\n\u001b[2m     \u001b[90m 26 |\u001b[39m     \u001b[36mconst\u001b[39m { method\u001b[33m,\u001b[39m url\u001b[33m,\u001b[39m body\u001b[33m,\u001b[39m query\u001b[33m,\u001b[39m params } \u001b[33m=\u001b[39m request\u001b[33m;\u001b[39m\u001b[0m\u001b[22m\n\u001b[2m\u001b[22m\n\u001b[2m      \u001b[2mat LoggingInterceptor.intercept (\u001b[22m\u001b[2msrc/shared/logger/logging.interceptor.ts\u001b[2m:23:29)\u001b[22m\u001b[2m\u001b[22m\n\u001b[2m      \u001b[2mat Object.<anonymous> (\u001b[22m\u001b[2m\u001b[0m\u001b[36mtest/unit/shared/logger/logging.interceptor.spec.ts\u001b[39m\u001b[0m\u001b[2m:222:19)\u001b[22m\u001b[2m\u001b[22m\n\n\u001b[1m\u001b[31m  \u001b[1m● \u001b[22m\u001b[1mLoggingInterceptor › intercept › should log security events for authorization failures\u001b[39m\u001b[22m\n\n    TypeError: context.getHandler is not a function\n\u001b[2m\u001b[22m\n\u001b[2m    \u001b[0m \u001b[90m 21 |\u001b[39m     \u001b[36mconst\u001b[39m request \u001b[33m=\u001b[39m context\u001b[33m.\u001b[39mswitchToHttp()\u001b[33m.\u001b[39mgetRequest\u001b[33m<\u001b[39m\u001b[33mRequest\u001b[39m\u001b[33m>\u001b[39m()\u001b[33m;\u001b[39m\u001b[22m\n\u001b[2m     \u001b[90m 22 |\u001b[39m     \u001b[36mconst\u001b[39m response \u001b[33m=\u001b[39m context\u001b[33m.\u001b[39mswitchToHttp()\u001b[33m.\u001b[39mgetResponse\u001b[33m<\u001b[39m\u001b[33mResponse\u001b[39m\u001b[33m>\u001b[39m()\u001b[33m;\u001b[39m\u001b[22m\n\u001b[2m    \u001b[31m\u001b[1m>\u001b[22m\u001b[2m\u001b[39m\u001b[90m 23 |\u001b[39m     \u001b[36mconst\u001b[39m handler \u001b[33m=\u001b[39m context\u001b[33m.\u001b[39mgetHandler()\u001b[33m;\u001b[39m\u001b[22m\n\u001b[2m     \u001b[90m    |\u001b[39m                             \u001b[31m\u001b[1m^\u001b[22m\u001b[2m\u001b[39m\u001b[22m\n\u001b[2m     \u001b[90m 24 |\u001b[39m     \u001b[36mconst\u001b[39m controller \u001b[33m=\u001b[39m context\u001b[33m.\u001b[39mgetClass()\u001b[33m;\u001b[39m\u001b[22m\n\u001b[2m     \u001b[90m 25 |\u001b[39m     \u001b[22m\n\u001b[2m     \u001b[90m 26 |\u001b[39m     \u001b[36mconst\u001b[39m { method\u001b[33m,\u001b[39m url\u001b[33m,\u001b[39m body\u001b[33m,\u001b[39m query\u001b[33m,\u001b[39m params } \u001b[33m=\u001b[39m request\u001b[33m;\u001b[39m\u001b[0m\u001b[22m\n\u001b[2m\u001b[22m\n\u001b[2m      \u001b[2mat LoggingInterceptor.intercept (\u001b[22m\u001b[2msrc/shared/logger/logging.interceptor.ts\u001b[2m:23:29)\u001b[22m\u001b[2m\u001b[22m\n\u001b[2m      \u001b[2mat Object.<anonymous> (\u001b[22m\u001b[2m\u001b[0m\u001b[36mtest/unit/shared/logger/logging.interceptor.spec.ts\u001b[39m\u001b[0m\u001b[2m:250:19)\u001b[22m\u001b[2m\u001b[22m\n\n\u001b[1m\u001b[31m  \u001b[1m● \u001b[22m\u001b[1mLoggingInterceptor › intercept › should not log security events for non-security errors\u001b[39m\u001b[22m\n\n    TypeError: context.getHandler is not a function\n\u001b[2m\u001b[22m\n\u001b[2m    \u001b[0m \u001b[90m 21 |\u001b[39m     \u001b[36mconst\u001b[39m request \u001b[33m=\u001b[39m context\u001b[33m.\u001b[39mswitchToHttp()\u001b[33m.\u001b[39mgetRequest\u001b[33m<\u001b[39m\u001b[33mRequest\u001b[39m\u001b[33m>\u001b[39m()\u001b[33m;\u001b[39m\u001b[22m\n\u001b[2m     \u001b[90m 22 |\u001b[39m     \u001b[36mconst\u001b[39m response \u001b[33m=\u001b[39m context\u001b[33m.\u001b[39mswitchToHttp()\u001b[33m.\u001b[39mgetResponse\u001b[33m<\u001b[39m\u001b[33mResponse\u001b[39m\u001b[33m>\u001b[39m()\u001b[33m;\u001b[39m\u001b[22m\n\u001b[2m    \u001b[31m\u001b[1m>\u001b[22m\u001b[2m\u001b[39m\u001b[90m 23 |\u001b[39m     \u001b[36mconst\u001b[39m handler \u001b[33m=\u001b[39m context\u001b[33m.\u001b[39mgetHandler()\u001b[33m;\u001b[39m\u001b[22m\n\u001b[2m     \u001b[90m    |\u001b[39m                             \u001b[31m\u001b[1m^\u001b[22m\u001b[2m\u001b[39m\u001b[22m\n\u001b[2m     \u001b[90m 24 |\u001b[39m     \u001b[36mconst\u001b[39m controller \u001b[33m=\u001b[39m context\u001b[33m.\u001b[39mgetClass()\u001b[33m;\u001b[39m\u001b[22m\n\u001b[2m     \u001b[90m 25 |\u001b[39m     \u001b[22m\n\u001b[2m     \u001b[90m 26 |\u001b[39m     \u001b[36mconst\u001b[39m { method\u001b[33m,\u001b[39m url\u001b[33m,\u001b[39m body\u001b[33m,\u001b[39m query\u001b[33m,\u001b[39m params } \u001b[33m=\u001b[39m request\u001b[33m;\u001b[39m\u001b[0m\u001b[22m\n\u001b[2m\u001b[22m\n\u001b[2m      \u001b[2mat LoggingInterceptor.intercept (\u001b[22m\u001b[2msrc/shared/logger/logging.interceptor.ts\u001b[2m:23:29)\u001b[22m\u001b[2m\u001b[22m\n\u001b[2m      \u001b[2mat Object.<anonymous> (\u001b[22m\u001b[2m\u001b[0m\u001b[36mtest/unit/shared/logger/logging.interceptor.spec.ts\u001b[39m\u001b[0m\u001b[2m:273:19)\u001b[22m\u001b[2m\u001b[22m\n\n\u001b[1m\u001b[31m  \u001b[1m● \u001b[22m\u001b[1mLoggingInterceptor › intercept › should handle errors with custom error names\u001b[39m\u001b[22m\n\n    TypeError: context.getHandler is not a function\n\u001b[2m\u001b[22m\n\u001b[2m    \u001b[0m \u001b[90m 21 |\u001b[39m     \u001b[36mconst\u001b[39m request \u001b[33m=\u001b[39m context\u001b[33m.\u001b[39mswitchToHttp()\u001b[33m.\u001b[39mgetRequest\u001b[33m<\u001b[39m\u001b[33mRequest\u001b[39m\u001b[33m>\u001b[39m()\u001b[33m;\u001b[39m\u001b[22m\n\u001b[2m     \u001b[90m 22 |\u001b[39m     \u001b[36mconst\u001b[39m response \u001b[33m=\u001b[39m context\u001b[33m.\u001b[39mswitchToHttp()\u001b[33m.\u001b[39mgetResponse\u001b[33m<\u001b[39m\u001b[33mResponse\u001b[39m\u001b[33m>\u001b[39m()\u001b[33m;\u001b[39m\u001b[22m\n\u001b[2m    \u001b[31m\u001b[1m>\u001b[22m\u001b[2m\u001b[39m\u001b[90m 23 |\u001b[39m     \u001b[36mconst\u001b[39m handler \u001b[33m=\u001b[39m context\u001b[33m.\u001b[39mgetHandler()\u001b[33m;\u001b[39m\u001b[22m\n\u001b[2m     \u001b[90m    |\u001b[39m                             \u001b[31m\u001b[1m^\u001b[22m\u001b[2m\u001b[39m\u001b[22m\n\u001b[2m     \u001b[90m 24 |\u001b[39m     \u001b[36mconst\u001b[39m controller \u001b[33m=\u001b[39m context\u001b[33m.\u001b[39mgetClass()\u001b[33m;\u001b[39m\u001b[22m\n\u001b[2m     \u001b[90m 25 |\u001b[39m     \u001b[22m\n\u001b[2m     \u001b[90m 26 |\u001b[39m     \u001b[36mconst\u001b[39m { method\u001b[33m,\u001b[39m url\u001b[33m,\u001b[39m body\u001b[33m,\u001b[39m query\u001b[33m,\u001b[39m params } \u001b[33m=\u001b[39m request\u001b[33m;\u001b[39m\u001b[0m\u001b[22m\n\u001b[2m\u001b[22m\n\u001b[2m      \u001b[2mat LoggingInterceptor.intercept (\u001b[22m\u001b[2msrc/shared/logger/logging.interceptor.ts\u001b[2m:23:29)\u001b[22m\u001b[2m\u001b[22m\n\u001b[2m      \u001b[2mat Object.<anonymous> (\u001b[22m\u001b[2m\u001b[0m\u001b[36mtest/unit/shared/logger/logging.interceptor.spec.ts\u001b[39m\u001b[0m\u001b[2m:291:19)\u001b[22m\u001b[2m\u001b[22m\n\n\u001b[1m\u001b[31m  \u001b[1m● \u001b[22m\u001b[1mLoggingInterceptor › isBusinessOperation › should identify business operations correctly\u001b[39m\u001b[22m\n\n    TypeError: context.getHandler is not a function\n\u001b[2m\u001b[22m\n\u001b[2m    \u001b[0m \u001b[90m 21 |\u001b[39m     \u001b[36mconst\u001b[39m request \u001b[33m=\u001b[39m context\u001b[33m.\u001b[39mswitchToHttp()\u001b[33m.\u001b[39mgetRequest\u001b[33m<\u001b[39m\u001b[33mRequest\u001b[39m\u001b[33m>\u001b[39m()\u001b[33m;\u001b[39m\u001b[22m\n\u001b[2m     \u001b[90m 22 |\u001b[39m     \u001b[36mconst\u001b[39m response \u001b[33m=\u001b[39m context\u001b[33m.\u001b[39mswitchToHttp()\u001b[33m.\u001b[39mgetResponse\u001b[33m<\u001b[39m\u001b[33mResponse\u001b[39m\u001b[33m>\u001b[39m()\u001b[33m;\u001b[39m\u001b[22m\n\u001b[2m    \u001b[31m\u001b[1m>\u001b[22m\u001b[2m\u001b[39m\u001b[90m 23 |\u001b[39m     \u001b[36mconst\u001b[39m handler \u001b[33m=\u001b[39m context\u001b[33m.\u001b[39mgetHandler()\u001b[33m;\u001b[39m\u001b[22m\n\u001b[2m     \u001b[90m    |\u001b[39m                             \u001b[31m\u001b[1m^\u001b[22m\u001b[2m\u001b[39m\u001b[22m\n\u001b[2m     \u001b[90m 24 |\u001b[39m     \u001b[36mconst\u001b[39m controller \u001b[33m=\u001b[39m context\u001b[33m.\u001b[39mgetClass()\u001b[33m;\u001b[39m\u001b[22m\n\u001b[2m     \u001b[90m 25 |\u001b[39m     \u001b[22m\n\u001b[2m     \u001b[90m 26 |\u001b[39m     \u001b[36mconst\u001b[39m { method\u001b[33m,\u001b[39m url\u001b[33m,\u001b[39m body\u001b[33m,\u001b[39m query\u001b[33m,\u001b[39m params } \u001b[33m=\u001b[39m request\u001b[33m;\u001b[39m\u001b[0m\u001b[22m\n\u001b[2m\u001b[22m\n\u001b[2m      \u001b[2mat LoggingInterceptor.intercept (\u001b[22m\u001b[2msrc/shared/logger/logging.interceptor.ts\u001b[2m:23:29)\u001b[22m\u001b[2m\u001b[22m\n\u001b[2m      \u001b[2mat \u001b[22m\u001b[2m\u001b[0m\u001b[36mtest/unit/shared/logger/logging.interceptor.spec.ts\u001b[39m\u001b[0m\u001b[2m:324:21\u001b[22m\u001b[2m\u001b[22m\n\u001b[2m          at Array.forEach (<anonymous>)\u001b[22m\n\u001b[2m      \u001b[2mat Object.<anonymous> (\u001b[22m\u001b[2m\u001b[0m\u001b[36mtest/unit/shared/logger/logging.interceptor.spec.ts\u001b[39m\u001b[0m\u001b[2m:320:21)\u001b[22m\u001b[2m\u001b[22m\n","name":"/Users/evandrogromann/Projetos/aprove-me/apps/api/test/unit/shared/logger/logging.interceptor.spec.ts","startTime":1756527196050,"status":"failed","summary":""},{"assertionResults":[{"ancestorTitles":["CustomLogger","setContext"],"duration":21,"failing":false,"failureDetails":[],"failureMessages":[],"fullName":"CustomLogger setContext should set the context","invocations":1,"location":null,"numPassingAsserts":1,"retryReasons":[],"startAt":1756527200234,"status":"passed","title":"should set the context"},{"ancestorTitles":["CustomLogger","log"],"duration":4,"failing":false,"failureDetails":[],"failureMessages":[],"fullName":"CustomLogger log should call winston info with message and context","invocations":1,"location":null,"numPassingAsserts":1,"retryReasons":[],"startAt":1756527200256,"status":"passed","title":"should call winston info with message and context"},{"ancestorTitles":["CustomLogger","log"],"duration":2,"failing":false,"failureDetails":[],"failureMessages":[],"fullName":"CustomLogger log should call winston info with message, context and metadata","invocations":1,"location":null,"numPassingAsserts":1,"retryReasons":[],"startAt":1756527200260,"status":"passed","title":"should call winston info with message, context and metadata"},{"ancestorTitles":["CustomLogger","log"],"duration":1,"failing":false,"failureDetails":[],"failureMessages":[],"fullName":"CustomLogger log should use default context when none provided","invocations":1,"location":null,"numPassingAsserts":1,"retryReasons":[],"startAt":1756527200262,"status":"passed","title":"should use default context when none provided"},{"ancestorTitles":["CustomLogger","log"],"duration":1,"failing":false,"failureDetails":[],"failureMessages":[],"fullName":"CustomLogger log should use provided context over default context","invocations":1,"location":null,"numPassingAsserts":1,"retryReasons":[],"startAt":1756527200263,"status":"passed","title":"should use provided context over default context"},{"ancestorTitles":["CustomLogger","error"],"duration":2,"failing":false,"failureDetails":[],"failureMessages":[],"fullName":"CustomLogger error should call winston error with message, trace and context","invocations":1,"location":null,"numPassingAsserts":1,"retryReasons":[],"startAt":1756527200264,"status":"passed","title":"should call winston error with message, trace and context"},{"ancestorTitles":["CustomLogger","error"],"duration":1,"failing":false,"failureDetails":[],"failureMessages":[],"fullName":"CustomLogger error should call winston error with metadata","invocations":1,"location":null,"numPassingAsserts":1,"retryReasons":[],"startAt":1756527200266,"status":"passed","title":"should call winston error with metadata"},{"ancestorTitles":["CustomLogger","error"],"duration":0,"failing":false,"failureDetails":[],"failureMessages":[],"fullName":"CustomLogger error should use default context when none provided","invocations":1,"location":null,"numPassingAsserts":1,"retryReasons":[],"startAt":1756527200267,"status":"passed","title":"should use default context when none provided"},{"ancestorTitles":["CustomLogger","error"],"duration":2,"failing":false,"failureDetails":[],"failureMessages":[],"fullName":"CustomLogger error should use provided context over default context","invocations":1,"location":null,"numPassingAsserts":1,"retryReasons":[],"startAt":1756527200268,"status":"passed","title":"should use provided context over default context"},{"ancestorTitles":["CustomLogger","warn"],"duration":2,"failing":false,"failureDetails":[],"failureMessages":[],"fullName":"CustomLogger warn should call winston warn with message and context","invocations":1,"location":null,"numPassingAsserts":1,"retryReasons":[],"startAt":1756527200271,"status":"passed","title":"should call winston warn with message and context"},{"ancestorTitles":["CustomLogger","warn"],"duration":1,"failing":false,"failureDetails":[],"failureMessages":[],"fullName":"CustomLogger warn should call winston warn with metadata","invocations":1,"location":null,"numPassingAsserts":1,"retryReasons":[],"startAt":1756527200273,"status":"passed","title":"should call winston warn with metadata"},{"ancestorTitles":["CustomLogger","warn"],"duration":1,"failing":false,"failureDetails":[],"failureMessages":[],"fullName":"CustomLogger warn should use default context when none provided","invocations":1,"location":null,"numPassingAsserts":1,"retryReasons":[],"startAt":1756527200274,"status":"passed","title":"should use default context when none provided"},{"ancestorTitles":["CustomLogger","warn"],"duration":0,"failing":false,"failureDetails":[],"failureMessages":[],"fullName":"CustomLogger warn should use provided context over default context","invocations":1,"location":null,"numPassingAsserts":1,"retryReasons":[],"startAt":1756527200275,"status":"passed","title":"should use provided context over default context"},{"ancestorTitles":["CustomLogger","debug"],"duration":2,"failing":false,"failureDetails":[],"failureMessages":[],"fullName":"CustomLogger debug should call winston debug with message and context","invocations":1,"location":null,"numPassingAsserts":1,"retryReasons":[],"startAt":1756527200275,"status":"passed","title":"should call winston debug with message and context"},{"ancestorTitles":["CustomLogger","debug"],"duration":0,"failing":false,"failureDetails":[],"failureMessages":[],"fullName":"CustomLogger debug should use default context when none provided","invocations":1,"location":null,"numPassingAsserts":1,"retryReasons":[],"startAt":1756527200277,"status":"passed","title":"should use default context when none provided"},{"ancestorTitles":["CustomLogger","debug"],"duration":0,"failing":false,"failureDetails":[],"failureMessages":[],"fullName":"CustomLogger debug should use provided context over default context","invocations":1,"location":null,"numPassingAsserts":1,"retryReasons":[],"startAt":1756527200278,"status":"passed","title":"should use provided context over default context"},{"ancestorTitles":["CustomLogger","verbose"],"duration":1,"failing":false,"failureDetails":[],"failureMessages":[],"fullName":"CustomLogger verbose should call winston verbose with message and context","invocations":1,"location":null,"numPassingAsserts":1,"retryReasons":[],"startAt":1756527200278,"status":"passed","title":"should call winston verbose with message and context"},{"ancestorTitles":["CustomLogger","verbose"],"duration":1,"failing":false,"failureDetails":[],"failureMessages":[],"fullName":"CustomLogger verbose should use default context when none provided","invocations":1,"location":null,"numPassingAsserts":1,"retryReasons":[],"startAt":1756527200279,"status":"passed","title":"should use default context when none provided"},{"ancestorTitles":["CustomLogger","verbose"],"duration":1,"failing":false,"failureDetails":[],"failureMessages":[],"fullName":"CustomLogger verbose should use provided context over default context","invocations":1,"location":null,"numPassingAsserts":1,"retryReasons":[],"startAt":1756527200280,"status":"passed","title":"should use provided context over default context"},{"ancestorTitles":["CustomLogger","audit"],"duration":56,"failing":false,"failureDetails":[{"matcherResult":{"message":"\u001b[2mexpect(\u001b[22m\u001b[31mjest.fn()\u001b[39m\u001b[2m).\u001b[22mtoHaveBeenCalledWith\u001b[2m(\u001b[22m\u001b[32m...expected\u001b[39m\u001b[2m)\u001b[22m\n\n\u001b[32m- Expected\u001b[39m\n\u001b[31m+ Received\u001b[39m\n\n\u001b[32m- \"📋 USER_LOGIN\"\u001b[39m,\n\u001b[31m+ \"USER_LOGIN\"\u001b[39m,\n  \u001b[2m{\"context\": \"AuditContext\", \"ip\": \"127.0.0.1\", \"traceId\": undefined, \"type\": \"audit\", \"userId\": \"user123\"}\u001b[22m,\n\nNumber of calls: \u001b[31m1\u001b[39m","pass":false}}],"failureMessages":["Error: \u001b[2mexpect(\u001b[22m\u001b[31mjest.fn()\u001b[39m\u001b[2m).\u001b[22mtoHaveBeenCalledWith\u001b[2m(\u001b[22m\u001b[32m...expected\u001b[39m\u001b[2m)\u001b[22m\n\n\u001b[32m- Expected\u001b[39m\n\u001b[31m+ Received\u001b[39m\n\n\u001b[32m- \"📋 USER_LOGIN\"\u001b[39m,\n\u001b[31m+ \"USER_LOGIN\"\u001b[39m,\n  \u001b[2m{\"context\": \"AuditContext\", \"ip\": \"127.0.0.1\", \"traceId\": undefined, \"type\": \"audit\", \"userId\": \"user123\"}\u001b[22m,\n\nNumber of calls: \u001b[31m1\u001b[39m\n    at Object.<anonymous> (/Users/evandrogromann/Projetos/aprove-me/apps/api/test/unit/shared/logger/custom-logger.service.spec.ts:235:34)\n    at Promise.finally.completed (/Users/evandrogromann/Projetos/aprove-me/apps/api/node_modules/jest-circus/build/jestAdapterInit.js:1556:28)\n    at new Promise (<anonymous>)\n    at callAsyncCircusFn (/Users/evandrogromann/Projetos/aprove-me/apps/api/node_modules/jest-circus/build/jestAdapterInit.js:1496:10)\n    at _callCircusTest (/Users/evandrogromann/Projetos/aprove-me/apps/api/node_modules/jest-circus/build/jestAdapterInit.js:1006:40)\n    at processTicksAndRejections (node:internal/process/task_queues:95:5)\n    at _runTest (/Users/evandrogromann/Projetos/aprove-me/apps/api/node_modules/jest-circus/build/jestAdapterInit.js:946:3)\n    at _runTestsForDescribeBlock (/Users/evandrogromann/Projetos/aprove-me/apps/api/node_modules/jest-circus/build/jestAdapterInit.js:839:13)\n    at _runTestsForDescribeBlock (/Users/evandrogromann/Projetos/aprove-me/apps/api/node_modules/jest-circus/build/jestAdapterInit.js:829:11)\n    at _runTestsForDescribeBlock (/Users/evandrogromann/Projetos/aprove-me/apps/api/node_modules/jest-circus/build/jestAdapterInit.js:829:11)\n    at run (/Users/evandrogromann/Projetos/aprove-me/apps/api/node_modules/jest-circus/build/jestAdapterInit.js:757:3)\n    at runAndTransformResultsToJestFormat (/Users/evandrogromann/Projetos/aprove-me/apps/api/node_modules/jest-circus/build/jestAdapterInit.js:1917:21)\n    at jestAdapter (/Users/evandrogromann/Projetos/aprove-me/apps/api/node_modules/jest-circus/build/runner.js:101:19)\n    at runTestInternal (/Users/evandrogromann/Projetos/aprove-me/apps/api/node_modules/jest-runner/build/testWorker.js:275:16)\n    at runTest (/Users/evandrogromann/Projetos/aprove-me/apps/api/node_modules/jest-runner/build/testWorker.js:343:7)\n    at Object.worker (/Users/evandrogromann/Projetos/aprove-me/apps/api/node_modules/jest-runner/build/testWorker.js:497:12)"],"fullName":"CustomLogger audit should log audit information with provided context","invocations":1,"location":null,"numPassingAsserts":0,"retryReasons":[],"startAt":1756527200281,"status":"failed","title":"should log audit information with provided context"},{"ancestorTitles":["CustomLogger","audit"],"duration":2,"failing":false,"failureDetails":[{"matcherResult":{"message":"\u001b[2mexpect(\u001b[22m\u001b[31mjest.fn()\u001b[39m\u001b[2m).\u001b[22mtoHaveBeenCalledWith\u001b[2m(\u001b[22m\u001b[32m...expected\u001b[39m\u001b[2m)\u001b[22m\n\n\u001b[32m- Expected\u001b[39m\n\u001b[31m+ Received\u001b[39m\n\n\u001b[32m- \"AUDIT: USER_LOGOUT\"\u001b[39m,\n\u001b[31m+ \"USER_LOGOUT\"\u001b[39m,\n\u001b[2m  Object {\u001b[22m\n\u001b[32m-   \"action\": \"USER_LOGOUT\",\u001b[39m\n\u001b[32m-   \"audit\": true,\u001b[39m\n\u001b[32m-   \"context\": \"DefaultAuditContext\",\u001b[39m\n\u001b[32m-   \"details\": Object {\u001b[39m\n\u001b[31m+   \"context\": \"user456\",\u001b[39m\n\u001b[2m    \"sessionId\": \"session123\",\u001b[22m\n\u001b[32m-   },\u001b[39m\n\u001b[32m-   \"userId\": \"user456\",\u001b[39m\n\u001b[31m+   \"traceId\": undefined,\u001b[39m\n\u001b[31m+   \"type\": \"audit\",\u001b[39m\n\u001b[2m  }\u001b[22m,\n\nNumber of calls: \u001b[31m1\u001b[39m","pass":false}}],"failureMessages":["Error: \u001b[2mexpect(\u001b[22m\u001b[31mjest.fn()\u001b[39m\u001b[2m).\u001b[22mtoHaveBeenCalledWith\u001b[2m(\u001b[22m\u001b[32m...expected\u001b[39m\u001b[2m)\u001b[22m\n\n\u001b[32m- Expected\u001b[39m\n\u001b[31m+ Received\u001b[39m\n\n\u001b[32m- \"AUDIT: USER_LOGOUT\"\u001b[39m,\n\u001b[31m+ \"USER_LOGOUT\"\u001b[39m,\n\u001b[2m  Object {\u001b[22m\n\u001b[32m-   \"action\": \"USER_LOGOUT\",\u001b[39m\n\u001b[32m-   \"audit\": true,\u001b[39m\n\u001b[32m-   \"context\": \"DefaultAuditContext\",\u001b[39m\n\u001b[32m-   \"details\": Object {\u001b[39m\n\u001b[31m+   \"context\": \"user456\",\u001b[39m\n\u001b[2m    \"sessionId\": \"session123\",\u001b[22m\n\u001b[32m-   },\u001b[39m\n\u001b[32m-   \"userId\": \"user456\",\u001b[39m\n\u001b[31m+   \"traceId\": undefined,\u001b[39m\n\u001b[31m+   \"type\": \"audit\",\u001b[39m\n\u001b[2m  }\u001b[22m,\n\nNumber of calls: \u001b[31m1\u001b[39m\n    at Object.<anonymous> (/Users/evandrogromann/Projetos/aprove-me/apps/api/test/unit/shared/logger/custom-logger.service.spec.ts:252:34)\n    at Promise.finally.completed (/Users/evandrogromann/Projetos/aprove-me/apps/api/node_modules/jest-circus/build/jestAdapterInit.js:1556:28)\n    at new Promise (<anonymous>)\n    at callAsyncCircusFn (/Users/evandrogromann/Projetos/aprove-me/apps/api/node_modules/jest-circus/build/jestAdapterInit.js:1496:10)\n    at _callCircusTest (/Users/evandrogromann/Projetos/aprove-me/apps/api/node_modules/jest-circus/build/jestAdapterInit.js:1006:40)\n    at processTicksAndRejections (node:internal/process/task_queues:95:5)\n    at _runTest (/Users/evandrogromann/Projetos/aprove-me/apps/api/node_modules/jest-circus/build/jestAdapterInit.js:946:3)\n    at _runTestsForDescribeBlock (/Users/evandrogromann/Projetos/aprove-me/apps/api/node_modules/jest-circus/build/jestAdapterInit.js:839:13)\n    at _runTestsForDescribeBlock (/Users/evandrogromann/Projetos/aprove-me/apps/api/node_modules/jest-circus/build/jestAdapterInit.js:829:11)\n    at _runTestsForDescribeBlock (/Users/evandrogromann/Projetos/aprove-me/apps/api/node_modules/jest-circus/build/jestAdapterInit.js:829:11)\n    at run (/Users/evandrogromann/Projetos/aprove-me/apps/api/node_modules/jest-circus/build/jestAdapterInit.js:757:3)\n    at runAndTransformResultsToJestFormat (/Users/evandrogromann/Projetos/aprove-me/apps/api/node_modules/jest-circus/build/jestAdapterInit.js:1917:21)\n    at jestAdapter (/Users/evandrogromann/Projetos/aprove-me/apps/api/node_modules/jest-circus/build/runner.js:101:19)\n    at runTestInternal (/Users/evandrogromann/Projetos/aprove-me/apps/api/node_modules/jest-runner/build/testWorker.js:275:16)\n    at runTest (/Users/evandrogromann/Projetos/aprove-me/apps/api/node_modules/jest-runner/build/testWorker.js:343:7)\n    at Object.worker (/Users/evandrogromann/Projetos/aprove-me/apps/api/node_modules/jest-runner/build/testWorker.js:497:12)"],"fullName":"CustomLogger audit should use default context when none provided","invocations":1,"location":null,"numPassingAsserts":0,"retryReasons":[],"startAt":1756527200363,"status":"failed","title":"should use default context when none provided"},{"ancestorTitles":["CustomLogger","security"],"duration":5,"failing":false,"failureDetails":[{"matcherResult":{"message":"\u001b[2mexpect(\u001b[22m\u001b[31mjest.fn()\u001b[39m\u001b[2m).\u001b[22mtoHaveBeenCalledWith\u001b[2m(\u001b[22m\u001b[32m...expected\u001b[39m\u001b[2m)\u001b[22m\n\n\u001b[32m- Expected\u001b[39m\n\u001b[31m+ Received\u001b[39m\n\n\u001b[32m- \"SECURITY: FAILED_LOGIN\"\u001b[39m,\n\u001b[31m+ \"FAILED_LOGIN\"\u001b[39m,\n\u001b[2m  Object {\u001b[22m\n\u001b[31m+   \"attempts\": 3,\u001b[39m\n\u001b[2m    \"context\": \"SecurityContext\",\u001b[22m\n\u001b[32m-   \"details\": Object {\u001b[39m\n\u001b[32m-     \"attempts\": 3,\u001b[39m\n\u001b[32m-   },\u001b[39m\n\u001b[32m-   \"event\": \"FAILED_LOGIN\",\u001b[39m\n\u001b[32m-   \"security\": true,\u001b[39m\n\u001b[31m+   \"traceId\": undefined,\u001b[39m\n\u001b[31m+   \"type\": \"security\",\u001b[39m\n\u001b[2m  }\u001b[22m,\n\nNumber of calls: \u001b[31m1\u001b[39m","pass":false}}],"failureMessages":["Error: \u001b[2mexpect(\u001b[22m\u001b[31mjest.fn()\u001b[39m\u001b[2m).\u001b[22mtoHaveBeenCalledWith\u001b[2m(\u001b[22m\u001b[32m...expected\u001b[39m\u001b[2m)\u001b[22m\n\n\u001b[32m- Expected\u001b[39m\n\u001b[31m+ Received\u001b[39m\n\n\u001b[32m- \"SECURITY: FAILED_LOGIN\"\u001b[39m,\n\u001b[31m+ \"FAILED_LOGIN\"\u001b[39m,\n\u001b[2m  Object {\u001b[22m\n\u001b[31m+   \"attempts\": 3,\u001b[39m\n\u001b[2m    \"context\": \"SecurityContext\",\u001b[22m\n\u001b[32m-   \"details\": Object {\u001b[39m\n\u001b[32m-     \"attempts\": 3,\u001b[39m\n\u001b[32m-   },\u001b[39m\n\u001b[32m-   \"event\": \"FAILED_LOGIN\",\u001b[39m\n\u001b[32m-   \"security\": true,\u001b[39m\n\u001b[31m+   \"traceId\": undefined,\u001b[39m\n\u001b[31m+   \"type\": \"security\",\u001b[39m\n\u001b[2m  }\u001b[22m,\n\nNumber of calls: \u001b[31m1\u001b[39m\n    at Object.<anonymous> (/Users/evandrogromann/Projetos/aprove-me/apps/api/test/unit/shared/logger/custom-logger.service.spec.ts:269:34)\n    at Promise.finally.completed (/Users/evandrogromann/Projetos/aprove-me/apps/api/node_modules/jest-circus/build/jestAdapterInit.js:1556:28)\n    at new Promise (<anonymous>)\n    at callAsyncCircusFn (/Users/evandrogromann/Projetos/aprove-me/apps/api/node_modules/jest-circus/build/jestAdapterInit.js:1496:10)\n    at _callCircusTest (/Users/evandrogromann/Projetos/aprove-me/apps/api/node_modules/jest-circus/build/jestAdapterInit.js:1006:40)\n    at processTicksAndRejections (node:internal/process/task_queues:95:5)\n    at _runTest (/Users/evandrogromann/Projetos/aprove-me/apps/api/node_modules/jest-circus/build/jestAdapterInit.js:946:3)\n    at _runTestsForDescribeBlock (/Users/evandrogromann/Projetos/aprove-me/apps/api/node_modules/jest-circus/build/jestAdapterInit.js:839:13)\n    at _runTestsForDescribeBlock (/Users/evandrogromann/Projetos/aprove-me/apps/api/node_modules/jest-circus/build/jestAdapterInit.js:829:11)\n    at _runTestsForDescribeBlock (/Users/evandrogromann/Projetos/aprove-me/apps/api/node_modules/jest-circus/build/jestAdapterInit.js:829:11)\n    at run (/Users/evandrogromann/Projetos/aprove-me/apps/api/node_modules/jest-circus/build/jestAdapterInit.js:757:3)\n    at runAndTransformResultsToJestFormat (/Users/evandrogromann/Projetos/aprove-me/apps/api/node_modules/jest-circus/build/jestAdapterInit.js:1917:21)\n    at jestAdapter (/Users/evandrogromann/Projetos/aprove-me/apps/api/node_modules/jest-circus/build/runner.js:101:19)\n    at runTestInternal (/Users/evandrogromann/Pr
[...]
ilureMessages":[],"fullName":"AssignorsController remove should remove an assignor","invocations":1,"location":null,"numPassingAsserts":2,"retryReasons":[],"startAt":1756527201101,"status":"passed","title":"should remove an assignor"},{"ancestorTitles":["AssignorsController","restore"],"duration":3,"failing":false,"failureDetails":[],"failureMessages":[],"fullName":"AssignorsController restore should restore a deleted assignor","invocations":1,"location":null,"numPassingAsserts":2,"retryReasons":[],"startAt":1756527201103,"status":"passed","title":"should restore a deleted assignor"}],"endTime":1756527201111,"message":"","name":"/Users/evandrogromann/Projetos/aprove-me/apps/api/test/unit/modules/assignors/assignors.controller.spec.ts","startTime":1756527200570,"status":"passed","summary":""},{"assertionResults":[{"ancestorTitles":["CreatePayableRequestDto"],"duration":3,"failing":false,"failureDetails":[],"failureMessages":[],"fullName":"CreatePayableRequestDto should validate a valid payable request","invocations":1,"location":null,"numPassingAsserts":3,"retryReasons":[],"startAt":1756527201166,"status":"passed","title":"should validate a valid payable request"},{"ancestorTitles":["CreatePayableRequestDto"],"duration":1,"failing":false,"failureDetails":[],"failureMessages":[],"fullName":"CreatePayableRequestDto should fail validation for invalid UUID","invocations":1,"location":null,"numPassingAsserts":2,"retryReasons":[],"startAt":1756527201169,"status":"passed","title":"should fail validation for invalid UUID"},{"ancestorTitles":["CreatePayableRequestDto"],"duration":1,"failing":false,"failureDetails":[],"failureMessages":[],"fullName":"CreatePayableRequestDto should fail validation for negative value","invocations":1,"location":null,"numPassingAsserts":2,"retryReasons":[],"startAt":1756527201170,"status":"passed","title":"should fail validation for negative value"},{"ancestorTitles":["CreatePayableRequestDto"],"duration":0,"failing":false,"failureDetails":[],"failureMessages":[],"fullName":"CreatePayableRequestDto should fail validation for invalid date string","invocations":1,"location":null,"numPassingAsserts":2,"retryReasons":[],"startAt":1756527201171,"status":"passed","title":"should fail validation for invalid date string"},{"ancestorTitles":["CreatePayableRequestDto"],"duration":1,"failing":false,"failureDetails":[],"failureMessages":[],"fullName":"CreatePayableRequestDto should validate nested assignor object transformation","invocations":1,"location":null,"numPassingAsserts":5,"retryReasons":[],"startAt":1756527201171,"status":"passed","title":"should validate nested assignor object transformation"}],"endTime":1756527201172,"message":"","name":"/Users/evandrogromann/Projetos/aprove-me/apps/api/test/unit/modules/payables/create-payable-request.dto.spec.ts","startTime":1756527200889,"status":"passed","summary":""},{"assertionResults":[{"ancestorTitles":["PrismaAssignorRepository","findById"],"duration":12,"failing":false,"failureDetails":[],"failureMessages":[],"fullName":"PrismaAssignorRepository findById should find assignor by id","invocations":1,"location":null,"numPassingAsserts":2,"retryReasons":[],"startAt":1756527201132,"status":"passed","title":"should find assignor by id"},{"ancestorTitles":["PrismaAssignorRepository","findById"],"duration":2,"failing":false,"failureDetails":[],"failureMessages":[],"fullName":"PrismaAssignorRepository findById should return null when assignor not found","invocations":1,"location":null,"numPassingAsserts":1,"retryReasons":[],"startAt":1756527201144,"status":"passed","title":"should return null when assignor not found"},{"ancestorTitles":["PrismaAssignorRepository","findAll"],"duration":1,"failing":false,"failureDetails":[],"failureMessages":[],"fullName":"PrismaAssignorRepository findAll should find all assignors","invocations":1,"location":null,"numPassingAsserts":2,"retryReasons":[],"startAt":1756527201146,"status":"passed","title":"should find all assignors"},{"ancestorTitles":["PrismaAssignorRepository","findAllPaginated"],"duration":1,"failing":false,"failureDetails":[],"failureMessages":[],"fullName":"PrismaAssignorRepository findAllPaginated should find paginated assignors","invocations":1,"location":null,"numPassingAsserts":2,"retryReasons":[],"startAt":1756527201147,"status":"passed","title":"should find paginated assignors"},{"ancestorTitles":["PrismaAssignorRepository","count"],"duration":1,"failing":false,"failureDetails":[],"failureMessages":[],"fullName":"PrismaAssignorRepository count should count assignors","invocations":1,"location":null,"numPassingAsserts":2,"retryReasons":[],"startAt":1756527201148,"status":"passed","title":"should count assignors"},{"ancestorTitles":["PrismaAssignorRepository","create"],"duration":2,"failing":false,"failureDetails":[],"failureMessages":[],"fullName":"PrismaAssignorRepository create should create assignor","invocations":1,"location":null,"numPassingAsserts":2,"retryReasons":[],"startAt":1756527201149,"status":"passed","title":"should create assignor"},{"ancestorTitles":["PrismaAssignorRepository","update"],"duration":2,"failing":false,"failureDetails":[],"failureMessages":[],"fullName":"PrismaAssignorRepository update should update assignor","invocations":1,"location":null,"numPassingAsserts":2,"retryReasons":[],"startAt":1756527201151,"status":"passed","title":"should update assignor"},{"ancestorTitles":["PrismaAssignorRepository","softDelete"],"duration":32,"failing":false,"failureDetails":[],"failureMessages":[],"fullName":"PrismaAssignorRepository softDelete should soft delete assignor","invocations":1,"location":null,"numPassingAsserts":1,"retryReasons":[],"startAt":1756527201153,"status":"passed","title":"should soft delete assignor"},{"ancestorTitles":["PrismaAssignorRepository","restore"],"duration":2,"failing":false,"failureDetails":[],"failureMessages":[],"fullName":"PrismaAssignorRepository restore should restore soft deleted assignor","invocations":1,"location":null,"numPassingAsserts":2,"retryReasons":[],"startAt":1756527201186,"status":"passed","title":"should restore soft deleted assignor"},{"ancestorTitles":["PrismaAssignorRepository","upsert"],"duration":1,"failing":false,"failureDetails":[],"failureMessages":[],"fullName":"PrismaAssignorRepository upsert should upsert assignor","invocations":1,"location":null,"numPassingAsserts":2,"retryReasons":[],"startAt":1756527201188,"status":"passed","title":"should upsert assignor"}],"endTime":1756527201191,"message":"","name":"/Users/evandrogromann/Projetos/aprove-me/apps/api/test/unit/modules/assignors/prisma-assignor.repository.spec.ts","startTime":1756527200945,"status":"passed","summary":""},{"assertionResults":[{"ancestorTitles":["LoggerConfig"],"duration":1,"failing":false,"failureDetails":[],"failureMessages":[],"fullName":"LoggerConfig should have correct default configuration","invocations":1,"location":null,"numPassingAsserts":3,"retryReasons":[],"startAt":1756527201204,"status":"passed","title":"should have correct default configuration"},{"ancestorTitles":["LoggerConfig"],"duration":0,"failing":false,"failureDetails":[],"failureMessages":[],"fullName":"LoggerConfig should have transports configured","invocations":1,"location":null,"numPassingAsserts":1,"retryReasons":[],"startAt":1756527201205,"status":"passed","title":"should have transports configured"},{"ancestorTitles":["LoggerConfig"],"duration":0,"failing":false,"failureDetails":[],"failureMessages":[],"fullName":"LoggerConfig should have exception and rejection handlers configured","invocations":1,"location":null,"numPassingAsserts":4,"retryReasons":[],"startAt":1756527201205,"status":"passed","title":"should have exception and rejection handlers configured"},{"ancestorTitles":["LoggerConfig"],"duration":1,"failing":false,"failureDetails":[],"failureMessages":[],"fullName":"LoggerConfig should format console logs correctly with consoleFormat function","invocations":1,"location":null,"numPassingAsserts":7,"retryReasons":[],"startAt":1756527201205,"status":"passed","title":"should format console logs correctly with consoleFormat function"}],"endTime":1756527201206,"message":"","name":"/Users/evandrogromann/Projetos/aprove-me/apps/api/test/unit/shared/logger/logger.config.spec.ts","startTime":1756527201105,"status":"passed","summary":""},{"assertionResults":[{"ancestorTitles":["Logger Config Direct Execution"],"duration":14,"failing":false,"failureDetails":[],"failureMessages":[],"fullName":"Logger Config Direct Execution should execute the consoleFormat function from logger.config.ts","invocations":1,"location":null,"numPassingAsserts":25,"retryReasons":[],"startAt":1756527201200,"status":"passed","title":"should execute the consoleFormat function from logger.config.ts"},{"ancestorTitles":["Logger Config Direct Execution"],"duration":3,"failing":false,"failureDetails":[],"failureMessages":[],"fullName":"Logger Config Direct Execution should import and access the complete logger config","invocations":1,"location":null,"numPassingAsserts":13,"retryReasons":[],"startAt":1756527201215,"status":"passed","title":"should import and access the complete logger config"},{"ancestorTitles":["Logger Config Direct Execution"],"duration":2,"failing":false,"failureDetails":[],"failureMessages":[],"fullName":"Logger Config Direct Execution should test winston format combinations","invocations":1,"location":null,"numPassingAsserts":24,"retryReasons":[],"startAt":1756527201218,"status":"passed","title":"should test winston format combinations"}],"endTime":1756527201221,"message":"","name":"/Users/evandrogromann/Projetos/aprove-me/apps/api/test/unit/shared/logger/direct-config.spec.ts","startTime":1756527201057,"status":"passed","summary":""},{"assertionResults":[{"ancestorTitles":["JwtAuthGuard"],"duration":0,"failing":false,"failureDetails":[],"failureMessages":[],"fullName":"JwtAuthGuard should be defined","invocations":1,"location":null,"numPassingAsserts":1,"retryReasons":[],"startAt":1756527201224,"status":"passed","title":"should be defined"},{"ancestorTitles":["JwtAuthGuard"],"duration":0,"failing":false,"failureDetails":[],"failureMessages":[],"fullName":"JwtAuthGuard should call super.canActivate","invocations":1,"location":null,"numPassingAsserts":2,"retryReasons":[],"startAt":1756527201225,"status":"passed","title":"should call super.canActivate"},{"ancestorTitles":["JwtAuthGuard"],"duration":1,"failing":false,"failureDetails":[],"failureMessages":[],"fullName":"JwtAuthGuard should return the result from super.canActivate","invocations":1,"location":null,"numPassingAsserts":1,"retryReasons":[],"startAt":1756527201225,"status":"passed","title":"should return the result from super.canActivate"}],"endTime":1756527201226,"message":"","name":"/Users/evandrogromann/Projetos/aprove-me/apps/api/test/unit/shared/auth/guards/jwt-auth.guard.spec.ts","startTime":1756527201082,"status":"passed","summary":""},{"assertionResults":[{"ancestorTitles":["JwtStrategy","validate"],"duration":62,"failing":false,"failureDetails":[],"failureMessages":[],"fullName":"JwtStrategy validate should return user object for valid payload","invocations":1,"location":null,"numPassingAsserts":1,"retryReasons":[],"startAt":1756527201152,"status":"passed","title":"should return user object for valid payload"},{"ancestorTitles":["JwtStrategy","validate"],"duration":4,"failing":false,"failureDetails":[],"failureMessages":[],"fullName":"JwtStrategy validate should return user object without optional fields","invocations":1,"location":null,"numPassingAsserts":1,"retryReasons":[],"startAt":1756527201214,"status":"passed","title":"should return user object without optional fields"},{"ancestorTitles":["JwtStrategy","validate"],"duration":1,"failing":false,"failureDetails":[],"failureMessages":[],"fullName":"JwtStrategy validate should handle different user IDs","invocations":1,"location":null,"numPassingAsserts":3,"retryReasons":[],"startAt":1756527201218,"status":"passed","title":"should handle different user IDs"},{"ancestorTitles":["JwtStrategy","strategy configuration"],"duration":3,"failing":false,"failureDetails":[],"failureMessages":[],"fullName":"JwtStrategy strategy configuration should be properly configured","invocations":1,"location":null,"numPassingAsserts":3,"retryReasons":[],"startAt":1756527201220,"status":"passed","title":"should be properly configured"}],"endTime":1756527201225,"message":"","name":"/Users/evandrogromann/Projetos/aprove-me/apps/api/test/unit/shared/auth/strategies/jwt.strategy.spec.ts","startTime":1756527200981,"status":"passed","summary":""},{"assertionResults":[{"ancestorTitles":["User Entity"],"duration":2,"failing":false,"failureDetails":[],"failureMessages":[],"fullName":"User Entity should create a user instance","invocations":1,"location":null,"numPassingAsserts":7,"retryReasons":[],"startAt":1756527201255,"status":"passed","title":"should create a user instance"},{"ancestorTitles":["User Entity"],"duration":1,"failing":false,"failureDetails":[],"failureMessages":[],"fullName":"User Entity should allow deletedAt to be set","invocations":1,"location":null,"numPassingAsserts":1,"retryReasons":[],"startAt":1756527201257,"status":"passed","title":"should allow deletedAt to be set"}],"endTime":1756527201259,"message":"","name":"/Users/evandrogromann/Projetos/aprove-me/apps/api/test/unit/modules/users/user.entity.spec.ts","startTime":1756527201197,"status":"passed","summary":""},{"assertionResults":[{"ancestorTitles":["UsersRepository","create"],"duration":59,"failing":false,"failureDetails":[],"failureMessages":[],"fullName":"UsersRepository create should create a user","invocations":1,"location":null,"numPassingAsserts":2,"retryReasons":[],"startAt":1756527201180,"status":"passed","title":"should create a user"},{"ancestorTitles":["UsersRepository","findAll"],"duration":1,"failing":false,"failureDetails":[],"failureMessages":[],"fullName":"UsersRepository findAll should return all non-deleted users","invocations":1,"location":null,"numPassingAsserts":2,"retryReasons":[],"startAt":1756527201239,"status":"passed","title":"should return all non-deleted users"},{"ancestorTitles":["UsersRepository","findById"],"duration":2,"failing":false,"failureDetails":[],"failureMessages":[],"fullName":"UsersRepository findById should return a user by id","invocations":1,"location":null,"numPassingAsserts":2,"retryReasons":[],"startAt":1756527201240,"status":"passed","title":"should return a user by id"},{"ancestorTitles":["UsersRepository","findById"],"duration":5,"failing":false,"failureDetails":[],"failureMessages":[],"fullName":"UsersRepository findById should return null if user not found","invocations":1,"location":null,"numPassingAsserts":1,"retryReasons":[],"startAt":1756527201242,"status":"passed","title":"should return null if user not found"},{"ancestorTitles":["UsersRepository","findByLogin"],"duration":2,"failing":false,"failureDetails":[],"failureMessages":[],"fullName":"UsersRepository findByLogin should return a user by login","invocations":1,"location":null,"numPassingAsserts":2,"retryReasons":[],"startAt":1756527201248,"status":"passed","title":"should return a user by login"},{"ancestorTitles":["UsersRepository","update"],"duration":2,"failing":false,"failureDetails":[],"failureMessages":[],"fullName":"UsersRepository update should update a user","invocations":1,"location":null,"numPassingAsserts":2,"retryReasons":[],"startAt":1756527201250,"status":"passed","title":"should update a user"},{"ancestorTitles":["UsersRepository","delete"],"duration":1,"failing":false,"failureDetails":[],"failureMessages":[],"fullName":"UsersRepository delete should soft delete a user","invocations":1,"location":null,"numPassingAsserts":2,"retryReasons":[],"startAt":1756527201253,"status":"passed","title":"should soft delete a user"}],"endTime":1756527201255,"message":"","name":"/Users/evandrogromann/Projetos/aprove-me/apps/api/test/unit/modules/users/users.repository.spec.ts","startTime":1756527201013,"status":"passed","summary":""},{"assertionResults":[{"ancestorTitles":["Logger Config Branch Coverage"],"duration":5,"failing":false,"failureDetails":[],"failureMessages":[],"fullName":"Logger Config Branch Coverage should execute all branches in logger.config.ts","invocations":1,"location":null,"numPassingAsserts":21,"retryReasons":[],"startAt":1756527201260,"status":"passed","title":"should execute all branches in logger.config.ts"}],"endTime":1756527201266,"message":"","name":"/Users/evandrogromann/Projetos/aprove-me/apps/api/test/unit/shared/logger/logger-config-complete-coverage.spec.ts","startTime":1756527201118,"status":"passed","summary":""},{"assertionResults":[{"ancestorTitles":["PrismaModule"],"duration":7,"failing":false,"failureDetails":[],"failureMessages":[],"fullName":"PrismaModule should be defined","invocations":1,"location":null,"numPassingAsserts":1,"retryReasons":[],"startAt":1756527201253,"status":"passed","title":"should be defined"},{"ancestorTitles":["PrismaModule"],"duration":2,"failing":false,"failureDetails":[],"failureMessages":[],"fullName":"PrismaModule should provide PrismaService","invocations":1,"location":null,"numPassingAsserts":2,"retryReasons":[],"startAt":1756527201261,"status":"passed","title":"should provide PrismaService"},{"ancestorTitles":["PrismaModule"],"duration":3,"failing":false,"failureDetails":[],"failureMessages":[],"fullName":"PrismaModule should export PrismaService","invocations":1,"location":null,"numPassingAsserts":2,"retryReasons":[],"startAt":1756527201263,"status":"passed","title":"should export PrismaService"}],"endTime":1756527201266,"message":"","name":"/Users/evandrogromann/Projetos/aprove-me/apps/api/test/unit/shared/database/prisma.module.spec.ts","startTime":1756527201062,"status":"passed","summary":""},{"assertionResults":[{"ancestorTitles":["PrismaService"],"duration":9,"failing":false,"failureDetails":[],"failureMessages":[],"fullName":"PrismaService should be defined","invocations":1,"location":null,"numPassingAsserts":1,"retryReasons":[],"startAt":1756527201255,"status":"passed","title":"should be defined"},{"ancestorTitles":["PrismaService"],"duration":2,"failing":false,"failureDetails":[],"failureMessages":[],"fullName":"PrismaService should extend PrismaClient","invocations":1,"location":null,"numPassingAsserts":3,"retryReasons":[],"startAt":1756527201264,"status":"passed","title":"should extend PrismaClient"},{"ancestorTitles":["PrismaService","onModuleInit"],"duration":1,"failing":false,"failureDetails":[],"failureMessages":[],"fullName":"PrismaService onModuleInit should call $connect","invocations":1,"location":null,"numPassingAsserts":1,"retryReasons":[],"startAt":1756527201266,"status":"passed","title":"should call $connect"}],"endTime":1756527201268,"message":"","name":"/Users/evandrogromann/Projetos/aprove-me/apps/api/test/unit/shared/database/prisma.service.spec.ts","startTime":1756527201067,"status":"passed","summary":""},{"assertionResults":[{"ancestorTitles":["Logger Config Console Format"],"duration":1,"failing":false,"failureDetails":[],"failureMessages":[],"fullName":"Logger Config Console Format should execute all branches of consoleFormat function","invocations":1,"location":null,"numPassingAsserts":15,"retryReasons":[],"startAt":1756527201303,"status":"passed","title":"should execute all branches of consoleFormat function"},{"ancestorTitles":["Logger Config Console Format"],"duration":0,"failing":false,"failureDetails":[],"failureMessages":[],"fullName":"Logger Config Console Format should test different environment variables usage","invocations":1,"location":null,"numPassingAsserts":6,"retryReasons":[],"startAt":1756527201304,"status":"passed","title":"should test different environment variables usage"}],"endTime":1756527201305,"message":"","name":"/Users/evandrogromann/Projetos/aprove-me/apps/api/test/unit/shared/logger/console-format.spec.ts","startTime":1756527201176,"status":"passed","summary":""}],"wasInterrupted":false}
